Performing C SOURCE FILE Test CMAKE_HAVE_LIBC_PTHREAD failed with the following output:
Change Dir: /home/geray/mindspore-master/cmake-build-debug/CMakeFiles/CMakeTmp

Run Build Command(s):/usr/bin/make cmTC_9d12d/fast && /usr/bin/make  -f CMakeFiles/cmTC_9d12d.dir/build.make CMakeFiles/cmTC_9d12d.dir/build
make[1]: 进入目录“/home/geray/mindspore-master/cmake-build-debug/CMakeFiles/CMakeTmp”
Building C object CMakeFiles/cmTC_9d12d.dir/src.c.o
/usr/bin/cc   -DCMAKE_HAVE_LIBC_PTHREAD   -o CMakeFiles/cmTC_9d12d.dir/src.c.o   -c /home/geray/mindspore-master/cmake-build-debug/CMakeFiles/CMakeTmp/src.c
Linking C executable cmTC_9d12d
/home/geray/.local/share/JetBrains/Toolbox/apps/CLion/ch-0/202.7319.72/bin/cmake/linux/bin/cmake -E cmake_link_script CMakeFiles/cmTC_9d12d.dir/link.txt --verbose=1
/usr/bin/cc  -DCMAKE_HAVE_LIBC_PTHREAD    CMakeFiles/cmTC_9d12d.dir/src.c.o  -o cmTC_9d12d 
/usr/bin/ld: CMakeFiles/cmTC_9d12d.dir/src.c.o: in function `main':
src.c:(.text+0x3e): undefined reference to `pthread_create'
/usr/bin/ld: src.c:(.text+0x4a): undefined reference to `pthread_detach'
/usr/bin/ld: src.c:(.text+0x56): undefined reference to `pthread_cancel'
/usr/bin/ld: src.c:(.text+0x67): undefined reference to `pthread_join'
collect2: 错误：ld 返回 1
make[1]: *** [CMakeFiles/cmTC_9d12d.dir/build.make:107：cmTC_9d12d] 错误 1
make[1]: 离开目录“/home/geray/mindspore-master/cmake-build-debug/CMakeFiles/CMakeTmp”
make: *** [Makefile:141：cmTC_9d12d/fast] 错误 2


Source file was:
#include <pthread.h>

void* test_func(void* data)
{
  return data;
}

int main(void)
{
  pthread_t thread;
  pthread_create(&thread, NULL, test_func, NULL);
  pthread_detach(thread);
  pthread_cancel(thread);
  pthread_join(thread, NULL);
  pthread_atfork(NULL, NULL, NULL);
  pthread_exit(NULL);

  return 0;
}

Determining if the function pthread_create exists in the pthreads failed with the following output:
Change Dir: /home/geray/mindspore-master/cmake-build-debug/CMakeFiles/CMakeTmp

Run Build Command(s):/usr/bin/make cmTC_39bdf/fast && /usr/bin/make  -f CMakeFiles/cmTC_39bdf.dir/build.make CMakeFiles/cmTC_39bdf.dir/build
make[1]: 进入目录“/home/geray/mindspore-master/cmake-build-debug/CMakeFiles/CMakeTmp”
Building C object CMakeFiles/cmTC_39bdf.dir/CheckFunctionExists.c.o
/usr/bin/cc   -DCHECK_FUNCTION_EXISTS=pthread_create   -o CMakeFiles/cmTC_39bdf.dir/CheckFunctionExists.c.o   -c /home/geray/.local/share/JetBrains/Toolbox/apps/CLion/ch-0/202.7319.72/bin/cmake/linux/share/cmake-3.17/Modules/CheckFunctionExists.c
Linking C executable cmTC_39bdf
/home/geray/.local/share/JetBrains/Toolbox/apps/CLion/ch-0/202.7319.72/bin/cmake/linux/bin/cmake -E cmake_link_script CMakeFiles/cmTC_39bdf.dir/link.txt --verbose=1
/usr/bin/cc  -DCHECK_FUNCTION_EXISTS=pthread_create    CMakeFiles/cmTC_39bdf.dir/CheckFunctionExists.c.o  -o cmTC_39bdf  -lpthreads 
/usr/bin/ld: 找不到 -lpthreads
collect2: 错误：ld 返回 1
make[1]: *** [CMakeFiles/cmTC_39bdf.dir/build.make:107：cmTC_39bdf] 错误 1
make[1]: 离开目录“/home/geray/mindspore-master/cmake-build-debug/CMakeFiles/CMakeTmp”
make: *** [Makefile:141：cmTC_39bdf/fast] 错误 2



