The system is: Linux - 5.8.6-1-MANJARO - x86_64
Compiling the C compiler identification source file "CMakeCCompilerId.c" succeeded.
Compiler: /usr/bin/cc 
Build flags: 
Id flags:  

The output was:
0


Compilation of the C compiler identification source "CMakeCCompilerId.c" produced "a.out"

The C compiler identification is GNU, found in "/home/geray/mindspore-master/cmake-build-debug/_deps/eigen3-src/_build/CMakeFiles/3.17.3/CompilerIdC/a.out"

Compiling the CXX compiler identification source file "CMakeCXXCompilerId.cpp" succeeded.
Compiler: /usr/bin/c++ 
Build flags: 
Id flags:  

The output was:
0


Compilation of the CXX compiler identification source "CMakeCXXCompilerId.cpp" produced "a.out"

The CXX compiler identification is GNU, found in "/home/geray/mindspore-master/cmake-build-debug/_deps/eigen3-src/_build/CMakeFiles/3.17.3/CompilerIdCXX/a.out"

Determining if the C compiler works passed with the following output:
Change Dir: /home/geray/mindspore-master/cmake-build-debug/_deps/eigen3-src/_build/CMakeFiles/CMakeTmp

Run Build Command(s):/usr/bin/make cmTC_31c40/fast && /usr/bin/make  -f CMakeFiles/cmTC_31c40.dir/build.make CMakeFiles/cmTC_31c40.dir/build
make[1]: 进入目录“/home/geray/mindspore-master/cmake-build-debug/_deps/eigen3-src/_build/CMakeFiles/CMakeTmp”
Building C object CMakeFiles/cmTC_31c40.dir/testCCompiler.c.o
/usr/bin/cc    -o CMakeFiles/cmTC_31c40.dir/testCCompiler.c.o   -c /home/geray/mindspore-master/cmake-build-debug/_deps/eigen3-src/_build/CMakeFiles/CMakeTmp/testCCompiler.c
Linking C executable cmTC_31c40
/home/geray/.local/share/JetBrains/Toolbox/apps/CLion/ch-0/202.7319.72/bin/cmake/linux/bin/cmake -E cmake_link_script CMakeFiles/cmTC_31c40.dir/link.txt --verbose=1
/usr/bin/cc      -rdynamic CMakeFiles/cmTC_31c40.dir/testCCompiler.c.o  -o cmTC_31c40 
make[1]: 离开目录“/home/geray/mindspore-master/cmake-build-debug/_deps/eigen3-src/_build/CMakeFiles/CMakeTmp”



Detecting C compiler ABI info compiled with the following output:
Change Dir: /home/geray/mindspore-master/cmake-build-debug/_deps/eigen3-src/_build/CMakeFiles/CMakeTmp

Run Build Command(s):/usr/bin/make cmTC_bccfa/fast && /usr/bin/make  -f CMakeFiles/cmTC_bccfa.dir/build.make CMakeFiles/cmTC_bccfa.dir/build
make[1]: Entering directory '/home/geray/mindspore-master/cmake-build-debug/_deps/eigen3-src/_build/CMakeFiles/CMakeTmp'
Building C object CMakeFiles/cmTC_bccfa.dir/CMakeCCompilerABI.c.o
/usr/bin/cc   -v -o CMakeFiles/cmTC_bccfa.dir/CMakeCCompilerABI.c.o   -c /home/geray/.local/share/JetBrains/Toolbox/apps/CLion/ch-0/202.7319.72/bin/cmake/linux/share/cmake-3.17/Modules/CMakeCCompilerABI.c
Using built-in specs.
COLLECT_GCC=/usr/bin/cc
Target: x86_64-pc-linux-gnu
Configured with: /build/gcc/src/gcc/configure --prefix=/usr --libdir=/usr/lib --libexecdir=/usr/lib --mandir=/usr/share/man --infodir=/usr/share/info --with-bugurl=https://bugs.archlinux.org/ --enable-languages=c,c++,ada,fortran,go,lto,objc,obj-c++,d --with-isl --with-linker-hash-style=gnu --with-system-zlib --enable-__cxa_atexit --enable-cet=auto --enable-checking=release --enable-clocale=gnu --enable-default-pie --enable-default-ssp --enable-gnu-indirect-function --enable-gnu-unique-object --enable-install-libiberty --enable-linker-build-id --enable-lto --enable-multilib --enable-plugin --enable-shared --enable-threads=posix --disable-libssp --disable-libstdcxx-pch --disable-libunwind-exceptions --disable-werror gdc_include_dir=/usr/include/dlang/gdc
Thread model: posix
Supported LTO compression algorithms: zlib zstd
gcc version 10.2.0 (GCC) 
COLLECT_GCC_OPTIONS='-v' '-o' 'CMakeFiles/cmTC_bccfa.dir/CMakeCCompilerABI.c.o' '-c' '-mtune=generic' '-march=x86-64'
 /usr/lib/gcc/x86_64-pc-linux-gnu/10.2.0/cc1 -quiet -v /home/geray/.local/share/JetBrains/Toolbox/apps/CLion/ch-0/202.7319.72/bin/cmake/linux/share/cmake-3.17/Modules/CMakeCCompilerABI.c -quiet -dumpbase CMakeCCompilerABI.c -mtune=generic -march=x86-64 -auxbase-strip CMakeFiles/cmTC_bccfa.dir/CMakeCCompilerABI.c.o -version -o /tmp/ccskY8j7.s
GNU C17 (GCC) version 10.2.0 (x86_64-pc-linux-gnu)
	compiled by GNU C version 10.2.0, GMP version 6.2.0, MPFR version 4.1.0, MPC version 1.1.0, isl version isl-0.21-GMP

GGC heuristics: --param ggc-min-expand=100 --param ggc-min-heapsize=131072
ignoring nonexistent directory "/usr/lib/gcc/x86_64-pc-linux-gnu/10.2.0/../../../../x86_64-pc-linux-gnu/include"
#include "..." search starts here:
#include <...> search starts here:
 /usr/lib/gcc/x86_64-pc-linux-gnu/10.2.0/include
 /usr/local/include
 /usr/lib/gcc/x86_64-pc-linux-gnu/10.2.0/include-fixed
 /usr/include
End of search list.
GNU C17 (GCC) version 10.2.0 (x86_64-pc-linux-gnu)
	compiled by GNU C version 10.2.0, GMP version 6.2.0, MPFR version 4.1.0, MPC version 1.1.0, isl version isl-0.21-GMP

GGC heuristics: --param ggc-min-expand=100 --param ggc-min-heapsize=131072
Compiler executable checksum: eb603296d6e3af60f424243b4c7fea66
COLLECT_GCC_OPTIONS='-v' '-o' 'CMakeFiles/cmTC_bccfa.dir/CMakeCCompilerABI.c.o' '-c' '-mtune=generic' '-march=x86-64'
 as -v --64 -o CMakeFiles/cmTC_bccfa.dir/CMakeCCompilerABI.c.o /tmp/ccskY8j7.s
GNU assembler version 2.35 (x86_64-pc-linux-gnu) using BFD version (GNU Binutils) 2.35
COMPILER_PATH=/usr/lib/gcc/x86_64-pc-linux-gnu/10.2.0/:/usr/lib/gcc/x86_64-pc-linux-gnu/10.2.0/:/usr/lib/gcc/x86_64-pc-linux-gnu/:/usr/lib/gcc/x86_64-pc-linux-gnu/10.2.0/:/usr/lib/gcc/x86_64-pc-linux-gnu/
LIBRARY_PATH=/usr/lib/gcc/x86_64-pc-linux-gnu/10.2.0/:/usr/lib/gcc/x86_64-pc-linux-gnu/10.2.0/../../../../lib/:/lib/../lib/:/usr/lib/../lib/:/usr/lib/gcc/x86_64-pc-linux-gnu/10.2.0/../../../:/lib/:/usr/lib/
COLLECT_GCC_OPTIONS='-v' '-o' 'CMakeFiles/cmTC_bccfa.dir/CMakeCCompilerABI.c.o' '-c' '-mtune=generic' '-march=x86-64'
Linking C executable cmTC_bccfa
/home/geray/.local/share/JetBrains/Toolbox/apps/CLion/ch-0/202.7319.72/bin/cmake/linux/bin/cmake -E cmake_link_script CMakeFiles/cmTC_bccfa.dir/link.txt --verbose=1
/usr/bin/cc     -v -rdynamic CMakeFiles/cmTC_bccfa.dir/CMakeCCompilerABI.c.o  -o cmTC_bccfa 
Using built-in specs.
COLLECT_GCC=/usr/bin/cc
COLLECT_LTO_WRAPPER=/usr/lib/gcc/x86_64-pc-linux-gnu/10.2.0/lto-wrapper
Target: x86_64-pc-linux-gnu
Configured with: /build/gcc/src/gcc/configure --prefix=/usr --libdir=/usr/lib --libexecdir=/usr/lib --mandir=/usr/share/man --infodir=/usr/share/info --with-bugurl=https://bugs.archlinux.org/ --enable-languages=c,c++,ada,fortran,go,lto,objc,obj-c++,d --with-isl --with-linker-hash-style=gnu --with-system-zlib --enable-__cxa_atexit --enable-cet=auto --enable-checking=release --enable-clocale=gnu --enable-default-pie --enable-default-ssp --enable-gnu-indirect-function --enable-gnu-unique-object --enable-install-libiberty --enable-linker-build-id --enable-lto --enable-multilib --enable-plugin --enable-shared --enable-threads=posix --disable-libssp --disable-libstdcxx-pch --disable-libunwind-exceptions --disable-werror gdc_include_dir=/usr/include/dlang/gdc
Thread model: posix
Supported LTO compression algorithms: zlib zstd
gcc version 10.2.0 (GCC) 
COMPILER_PATH=/usr/lib/gcc/x86_64-pc-linux-gnu/10.2.0/:/usr/lib/gcc/x86_64-pc-linux-gnu/10.2.0/:/usr/lib/gcc/x86_64-pc-linux-gnu/:/usr/lib/gcc/x86_64-pc-linux-gnu/10.2.0/:/usr/lib/gcc/x86_64-pc-linux-gnu/
LIBRARY_PATH=/usr/lib/gcc/x86_64-pc-linux-gnu/10.2.0/:/usr/lib/gcc/x86_64-pc-linux-gnu/10.2.0/../../../../lib/:/lib/../lib/:/usr/lib/../lib/:/usr/lib/gcc/x86_64-pc-linux-gnu/10.2.0/../../../:/lib/:/usr/lib/
COLLECT_GCC_OPTIONS='-v' '-rdynamic' '-o' 'cmTC_bccfa' '-mtune=generic' '-march=x86-64'
 /usr/lib/gcc/x86_64-pc-linux-gnu/10.2.0/collect2 -plugin /usr/lib/gcc/x86_64-pc-linux-gnu/10.2.0/liblto_plugin.so -plugin-opt=/usr/lib/gcc/x86_64-pc-linux-gnu/10.2.0/lto-wrapper -plugin-opt=-fresolution=/tmp/ccMP6CDv.res -plugin-opt=-pass-through=-lgcc -plugin-opt=-pass-through=-lgcc_s -plugin-opt=-pass-through=-lc -plugin-opt=-pass-through=-lgcc -plugin-opt=-pass-through=-lgcc_s --build-id --eh-frame-hdr --hash-style=gnu -m elf_x86_64 -export-dynamic -dynamic-linker /lib64/ld-linux-x86-64.so.2 -pie -o cmTC_bccfa /usr/lib/gcc/x86_64-pc-linux-gnu/10.2.0/../../../../lib/Scrt1.o /usr/lib/gcc/x86_64-pc-linux-gnu/10.2.0/../../../../lib/crti.o /usr/lib/gcc/x86_64-pc-linux-gnu/10.2.0/crtbeginS.o -L/usr/lib/gcc/x86_64-pc-linux-gnu/10.2.0 -L/usr/lib/gcc/x86_64-pc-linux-gnu/10.2.0/../../../../lib -L/lib/../lib -L/usr/lib/../lib -L/usr/lib/gcc/x86_64-pc-linux-gnu/10.2.0/../../.. CMakeFiles/cmTC_bccfa.dir/CMakeCCompilerABI.c.o -lgcc --push-state --as-needed -lgcc_s --pop-state -lc -lgcc --push-state --as-needed -lgcc_s --pop-state /usr/lib/gcc/x86_64-pc-linux-gnu/10.2.0/crtendS.o /usr/lib/gcc/x86_64-pc-linux-gnu/10.2.0/../../../../lib/crtn.o
COLLECT_GCC_OPTIONS='-v' '-rdynamic' '-o' 'cmTC_bccfa' '-mtune=generic' '-march=x86-64'
make[1]: Leaving directory '/home/geray/mindspore-master/cmake-build-debug/_deps/eigen3-src/_build/CMakeFiles/CMakeTmp'



Parsed C implicit include dir info from above output: rv=done
  found start of include info
  found start of implicit include info
    add: [/usr/lib/gcc/x86_64-pc-linux-gnu/10.2.0/include]
    add: [/usr/local/include]
    add: [/usr/lib/gcc/x86_64-pc-linux-gnu/10.2.0/include-fixed]
    add: [/usr/include]
  end of search list found
  collapse include dir [/usr/lib/gcc/x86_64-pc-linux-gnu/10.2.0/include] ==> [/usr/lib/gcc/x86_64-pc-linux-gnu/10.2.0/include]
  collapse include dir [/usr/local/include] ==> [/usr/local/include]
  collapse include dir [/usr/lib/gcc/x86_64-pc-linux-gnu/10.2.0/include-fixed] ==> [/usr/lib/gcc/x86_64-pc-linux-gnu/10.2.0/include-fixed]
  collapse include dir [/usr/include] ==> [/usr/include]
  implicit include dirs: [/usr/lib/gcc/x86_64-pc-linux-gnu/10.2.0/include;/usr/local/include;/usr/lib/gcc/x86_64-pc-linux-gnu/10.2.0/include-fixed;/usr/include]


Parsed C implicit link information from above output:
  link line regex: [^( *|.*[/\])(ld|CMAKE_LINK_STARTFILE-NOTFOUND|([^/\]+-)?ld|collect2)[^/\]*( |$)]
  ignore line: [Change Dir: /home/geray/mindspore-master/cmake-build-debug/_deps/eigen3-src/_build/CMakeFiles/CMakeTmp]
  ignore line: []
  ignore line: [Run Build Command(s):/usr/bin/make cmTC_bccfa/fast && /usr/bin/make  -f CMakeFiles/cmTC_bccfa.dir/build.make CMakeFiles/cmTC_bccfa.dir/build]
  ignore line: [make[1]: Entering directory '/home/geray/mindspore-master/cmake-build-debug/_deps/eigen3-src/_build/CMakeFiles/CMakeTmp']
  ignore line: [Building C object CMakeFiles/cmTC_bccfa.dir/CMakeCCompilerABI.c.o]
  ignore line: [/usr/bin/cc   -v -o CMakeFiles/cmTC_bccfa.dir/CMakeCCompilerABI.c.o   -c /home/geray/.local/share/JetBrains/Toolbox/apps/CLion/ch-0/202.7319.72/bin/cmake/linux/share/cmake-3.17/Modules/CMakeCCompilerABI.c]
  ignore line: [Using built-in specs.]
  ignore line: [COLLECT_GCC=/usr/bin/cc]
  ignore line: [Target: x86_64-pc-linux-gnu]
  ignore line: [Configured with: /build/gcc/src/gcc/configure --prefix=/usr --libdir=/usr/lib --libexecdir=/usr/lib --mandir=/usr/share/man --infodir=/usr/share/info --with-bugurl=https://bugs.archlinux.org/ --enable-languages=c c++ ada fortran go lto objc obj-c++ d --with-isl --with-linker-hash-style=gnu --with-system-zlib --enable-__cxa_atexit --enable-cet=auto --enable-checking=release --enable-clocale=gnu --enable-default-pie --enable-default-ssp --enable-gnu-indirect-function --enable-gnu-unique-object --enable-install-libiberty --enable-linker-build-id --enable-lto --enable-multilib --enable-plugin --enable-shared --enable-threads=posix --disable-libssp --disable-libstdcxx-pch --disable-libunwind-exceptions --disable-werror gdc_include_dir=/usr/include/dlang/gdc]
  ignore line: [Thread model: posix]
  ignore line: [Supported LTO compression algorithms: zlib zstd]
  ignore line: [gcc version 10.2.0 (GCC) ]
  ignore line: [COLLECT_GCC_OPTIONS='-v' '-o' 'CMakeFiles/cmTC_bccfa.dir/CMakeCCompilerABI.c.o' '-c' '-mtune=generic' '-march=x86-64']
  ignore line: [ /usr/lib/gcc/x86_64-pc-linux-gnu/10.2.0/cc1 -quiet -v /home/geray/.local/share/JetBrains/Toolbox/apps/CLion/ch-0/202.7319.72/bin/cmake/linux/share/cmake-3.17/Modules/CMakeCCompilerABI.c -quiet -dumpbase CMakeCCompilerABI.c -mtune=generic -march=x86-64 -auxbase-strip CMakeFiles/cmTC_bccfa.dir/CMakeCCompilerABI.c.o -version -o /tmp/ccskY8j7.s]
  ignore line: [GNU C17 (GCC) version 10.2.0 (x86_64-pc-linux-gnu)]
  ignore line: [	compiled by GNU C version 10.2.0  GMP version 6.2.0  MPFR version 4.1.0  MPC version 1.1.0  isl version isl-0.21-GMP]
  ignore line: []
  ignore line: [GGC heuristics: --param ggc-min-expand=100 --param ggc-min-heapsize=131072]
  ignore line: [ignoring nonexistent directory "/usr/lib/gcc/x86_64-pc-linux-gnu/10.2.0/../../../../x86_64-pc-linux-gnu/include"]
  ignore line: [#include "..." search starts here:]
  ignore line: [#include <...> search starts here:]
  ignore line: [ /usr/lib/gcc/x86_64-pc-linux-gnu/10.2.0/include]
  ignore line: [ /usr/local/include]
  ignore line: [ /usr/lib/gcc/x86_64-pc-linux-gnu/10.2.0/include-fixed]
  ignore line: [ /usr/include]
  ignore line: [End of search list.]
  ignore line: [GNU C17 (GCC) version 10.2.0 (x86_64-pc-linux-gnu)]
  ignore line: [	compiled by GNU C version 10.2.0  GMP version 6.2.0  MPFR version 4.1.0  MPC version 1.1.0  isl version isl-0.21-GMP]
  ignore line: []
  ignore line: [GGC heuristics: --param ggc-min-expand=100 --param ggc-min-heapsize=131072]
  ignore line: [Compiler executable checksum: eb603296d6e3af60f424243b4c7fea66]
  ignore line: [COLLECT_GCC_OPTIONS='-v' '-o' 'CMakeFiles/cmTC_bccfa.dir/CMakeCCompilerABI.c.o' '-c' '-mtune=generic' '-march=x86-64']
  ignore line: [ as -v --64 -o CMakeFiles/cmTC_bccfa.dir/CMakeCCompilerABI.c.o /tmp/ccskY8j7.s]
  ignore line: [GNU assembler version 2.35 (x86_64-pc-linux-gnu) using BFD version (GNU Binutils) 2.35]
  ignore line: [COMPILER_PATH=/usr/lib/gcc/x86_64-pc-linux-gnu/10.2.0/:/usr/lib/gcc/x86_64-pc-linux-gnu/10.2.0/:/usr/lib/gcc/x86_64-pc-linux-gnu/:/usr/lib/gcc/x86_64-pc-linux-gnu/10.2.0/:/usr/lib/gcc/x86_64-pc-linux-gnu/]
  ignore line: [LIBRARY_PATH=/usr/lib/gcc/x86_64-pc-linux-gnu/10.2.0/:/usr/lib/gcc/x86_64-pc-linux-gnu/10.2.0/../../../../lib/:/lib/../lib/:/usr/lib/../lib/:/usr/lib/gcc/x86_64-pc-linux-gnu/10.2.0/../../../:/lib/:/usr/lib/]
  ignore line: [COLLECT_GCC_OPTIONS='-v' '-o' 'CMakeFiles/cmTC_bccfa.dir/CMakeCCompilerABI.c.o' '-c' '-mtune=generic' '-march=x86-64']
  ignore line: [Linking C executable cmTC_bccfa]
  ignore line: [/home/geray/.local/share/JetBrains/Toolbox/apps/CLion/ch-0/202.7319.72/bin/cmake/linux/bin/cmake -E cmake_link_script CMakeFiles/cmTC_bccfa.dir/link.txt --verbose=1]
  ignore line: [/usr/bin/cc     -v -rdynamic CMakeFiles/cmTC_bccfa.dir/CMakeCCompilerABI.c.o  -o cmTC_bccfa ]
  ignore line: [Using built-in specs.]
  ignore line: [COLLECT_GCC=/usr/bin/cc]
  ignore line: [COLLECT_LTO_WRAPPER=/usr/lib/gcc/x86_64-pc-linux-gnu/10.2.0/lto-wrapper]
  ignore line: [Target: x86_64-pc-linux-gnu]
  ignore line: [Configured with: /build/gcc/src/gcc/configure --prefix=/usr --libdir=/usr/lib --libexecdir=/usr/lib --mandir=/usr/share/man --infodir=/usr/share/info --with-bugurl=https://bugs.archlinux.org/ --enable-languages=c c++ ada fortran go lto objc obj-c++ d --with-isl --with-linker-hash-style=gnu --with-system-zlib --enable-__cxa_atexit --enable-cet=auto --enable-checking=release --enable-clocale=gnu --enable-default-pie --enable-default-ssp --enable-gnu-indirect-function --enable-gnu-unique-object --enable-install-libiberty --enable-linker-build-id --enable-lto --enable-multilib --enable-plugin --enable-shared --enable-threads=posix --disable-libssp --disable-libstdcxx-pch --disable-libunwind-exceptions --disable-werror gdc_include_dir=/usr/include/dlang/gdc]
  ignore line: [Thread model: posix]
  ignore line: [Supported LTO compression algorithms: zlib zstd]
  ignore line: [gcc version 10.2.0 (GCC) ]
  ignore line: [COMPILER_PATH=/usr/lib/gcc/x86_64-pc-linux-gnu/10.2.0/:/usr/lib/gcc/x86_64-pc-linux-gnu/10.2.0/:/usr/lib/gcc/x86_64-pc-linux-gnu/:/usr/lib/gcc/x86_64-pc-linux-gnu/10.2.0/:/usr/lib/gcc/x86_64-pc-linux-gnu/]
  ignore line: [LIBRARY_PATH=/usr/lib/gcc/x86_64-pc-linux-gnu/10.2.0/:/usr/lib/gcc/x86_64-pc-linux-gnu/10.2.0/../../../../lib/:/lib/../lib/:/usr/lib/../lib/:/usr/lib/gcc/x86_64-pc-linux-gnu/10.2.0/../../../:/lib/:/usr/lib/]
  ignore line: [COLLECT_GCC_OPTIONS='-v' '-rdynamic' '-o' 'cmTC_bccfa' '-mtune=generic' '-march=x86-64']
  link line: [ /usr/lib/gcc/x86_64-pc-linux-gnu/10.2.0/collect2 -plugin /usr/lib/gcc/x86_64-pc-linux-gnu/10.2.0/liblto_plugin.so -plugin-opt=/usr/lib/gcc/x86_64-pc-linux-gnu/10.2.0/lto-wrapper -plugin-opt=-fresolution=/tmp/ccMP6CDv.res -plugin-opt=-pass-through=-lgcc -plugin-opt=-pass-through=-lgcc_s -plugin-opt=-pass-through=-lc -plugin-opt=-pass-through=-lgcc -plugin-opt=-pass-through=-lgcc_s --build-id --eh-frame-hdr --hash-style=gnu -m elf_x86_64 -export-dynamic -dynamic-linker /lib64/ld-linux-x86-64.so.2 -pie -o cmTC_bccfa /usr/lib/gcc/x86_64-pc-linux-gnu/10.2.0/../../../../lib/Scrt1.o /usr/lib/gcc/x86_64-pc-linux-gnu/10.2.0/../../../../lib/crti.o /usr/lib/gcc/x86_64-pc-linux-gnu/10.2.0/crtbeginS.o -L/usr/lib/gcc/x86_64-pc-linux-gnu/10.2.0 -L/usr/lib/gcc/x86_64-pc-linux-gnu/10.2.0/../../../../lib -L/lib/../lib -L/usr/lib/../lib -L/usr/lib/gcc/x86_64-pc-linux-gnu/10.2.0/../../.. CMakeFiles/cmTC_bccfa.dir/CMakeCCompilerABI.c.o -lgcc --push-state --as-needed -lgcc_s --pop-state -lc -lgcc --push-state --as-needed -lgcc_s --pop-state /usr/lib/gcc/x86_64-pc-linux-gnu/10.2.0/crtendS.o /usr/lib/gcc/x86_64-pc-linux-gnu/10.2.0/../../../../lib/crtn.o]
    arg [/usr/lib/gcc/x86_64-pc-linux-gnu/10.2.0/collect2] ==> ignore
    arg [-plugin] ==> ignore
    arg [/usr/lib/gcc/x86_64-pc-linux-gnu/10.2.0/liblto_plugin.so] ==> ignore
    arg [-plugin-opt=/usr/lib/gcc/x86_64-pc-linux-gnu/10.2.0/lto-wrapper] ==> ignore
    arg [-plugin-opt=-fresolution=/tmp/ccMP6CDv.res] ==> ignore
    arg [-plugin-opt=-pass-through=-lgcc] ==> ignore
    arg [-plugin-opt=-pass-through=-lgcc_s] ==> ignore
    arg [-plugin-opt=-pass-through=-lc] ==> ignore
    arg [-plugin-opt=-pass-through=-lgcc] ==> ignore
    arg [-plugin-opt=-pass-through=-lgcc_s] ==> ignore
    arg [--build-id] ==> ignore
    arg [--eh-frame-hdr] ==> ignore
    arg [--hash-style=gnu] ==> ignore
    arg [-m] ==> ignore
    arg [elf_x86_64] ==> ignore
    arg [-export-dynamic] ==> ignore
    arg [-dynamic-linker] ==> ignore
    arg [/lib64/ld-linux-x86-64.so.2] ==> ignore
    arg [-pie] ==> ignore
    arg [-o] ==> ignore
    arg [cmTC_bccfa] ==> ignore
    arg [/usr/lib/gcc/x86_64-pc-linux-gnu/10.2.0/../../../../lib/Scrt1.o] ==> ignore
    arg [/usr/lib/gcc/x86_64-pc-linux-gnu/10.2.0/../../../../lib/crti.o] ==> ignore
    arg [/usr/lib/gcc/x86_64-pc-linux-gnu/10.2.0/crtbeginS.o] ==> ignore
    arg [-L/usr/lib/gcc/x86_64-pc-linux-gnu/10.2.0] ==> dir [/usr/lib/gcc/x86_64-pc-linux-gnu/10.2.0]
    arg [-L/usr/lib/gcc/x86_64-pc-linux-gnu/10.2.0/../../../../lib] ==> dir [/usr/lib/gcc/x86_64-pc-linux-gnu/10.2.0/../../../../lib]
    arg [-L/lib/../lib] ==> dir [/lib/../lib]
    arg [-L/usr/lib/../lib] ==> dir [/usr/lib/../lib]
    arg [-L/usr/lib/gcc/x86_64-pc-linux-gnu/10.2.0/../../..] ==> dir [/usr/lib/gcc/x86_64-pc-linux-gnu/10.2.0/../../..]
    arg [CMakeFiles/cmTC_bccfa.dir/CMakeCCompilerABI.c.o] ==> ignore
    arg [-lgcc] ==> lib [gcc]
    arg [--push-state] ==> ignore
    arg [--as-needed] ==> ignore
    arg [-lgcc_s] ==> lib [gcc_s]
    arg [--pop-state] ==> ignore
    arg [-lc] ==> lib [c]
    arg [-lgcc] ==> lib [gcc]
    arg [--push-state] ==> ignore
    arg [--as-needed] ==> ignore
    arg [-lgcc_s] ==> lib [gcc_s]
    arg [--pop-state] ==> ignore
    arg [/usr/lib/gcc/x86_64-pc-linux-gnu/10.2.0/crtendS.o] ==> ignore
    arg [/usr/lib/gcc/x86_64-pc-linux-gnu/10.2.0/../../../../lib/crtn.o] ==> ignore
  collapse library dir [/usr/lib/gcc/x86_64-pc-linux-gnu/10.2.0] ==> [/usr/lib/gcc/x86_64-pc-linux-gnu/10.2.0]
  collapse library dir [/usr/lib/gcc/x86_64-pc-linux-gnu/10.2.0/../../../../lib] ==> [/usr/lib]
  collapse library dir [/lib/../lib] ==> [/lib]
  collapse library dir [/usr/lib/../lib] ==> [/usr/lib]
  collapse library dir [/usr/lib/gcc/x86_64-pc-linux-gnu/10.2.0/../../..] ==> [/usr/lib]
  implicit libs: [gcc;gcc_s;c;gcc;gcc_s]
  implicit dirs: [/usr/lib/gcc/x86_64-pc-linux-gnu/10.2.0;/usr/lib;/lib]
  implicit fwks: []


Determining if the CXX compiler works passed with the following output:
Change Dir: /home/geray/mindspore-master/cmake-build-debug/_deps/eigen3-src/_build/CMakeFiles/CMakeTmp

Run Build Command(s):/usr/bin/make cmTC_81242/fast && /usr/bin/make  -f CMakeFiles/cmTC_81242.dir/build.make CMakeFiles/cmTC_81242.dir/build
make[1]: 进入目录“/home/geray/mindspore-master/cmake-build-debug/_deps/eigen3-src/_build/CMakeFiles/CMakeTmp”
Building CXX object CMakeFiles/cmTC_81242.dir/testCXXCompiler.cxx.o
/usr/bin/c++     -o CMakeFiles/cmTC_81242.dir/testCXXCompiler.cxx.o -c /home/geray/mindspore-master/cmake-build-debug/_deps/eigen3-src/_build/CMakeFiles/CMakeTmp/testCXXCompiler.cxx
Linking CXX executable cmTC_81242
/home/geray/.local/share/JetBrains/Toolbox/apps/CLion/ch-0/202.7319.72/bin/cmake/linux/bin/cmake -E cmake_link_script CMakeFiles/cmTC_81242.dir/link.txt --verbose=1
/usr/bin/c++       -rdynamic CMakeFiles/cmTC_81242.dir/testCXXCompiler.cxx.o  -o cmTC_81242 
make[1]: 离开目录“/home/geray/mindspore-master/cmake-build-debug/_deps/eigen3-src/_build/CMakeFiles/CMakeTmp”



Detecting CXX compiler ABI info compiled with the following output:
Change Dir: /home/geray/mindspore-master/cmake-build-debug/_deps/eigen3-src/_build/CMakeFiles/CMakeTmp

Run Build Command(s):/usr/bin/make cmTC_b27f5/fast && /usr/bin/make  -f CMakeFiles/cmTC_b27f5.dir/build.make CMakeFiles/cmTC_b27f5.dir/build
make[1]: Entering directory '/home/geray/mindspore-master/cmake-build-debug/_deps/eigen3-src/_build/CMakeFiles/CMakeTmp'
Building CXX object CMakeFiles/cmTC_b27f5.dir/CMakeCXXCompilerABI.cpp.o
/usr/bin/c++    -v -o CMakeFiles/cmTC_b27f5.dir/CMakeCXXCompilerABI.cpp.o -c /home/geray/.local/share/JetBrains/Toolbox/apps/CLion/ch-0/202.7319.72/bin/cmake/linux/share/cmake-3.17/Modules/CMakeCXXCompilerABI.cpp
Using built-in specs.
COLLECT_GCC=/usr/bin/c++
Target: x86_64-pc-linux-gnu
Configured with: /build/gcc/src/gcc/configure --prefix=/usr --libdir=/usr/lib --libexecdir=/usr/lib --mandir=/usr/share/man --infodir=/usr/share/info --with-bugurl=https://bugs.archlinux.org/ --enable-languages=c,c++,ada,fortran,go,lto,objc,obj-c++,d --with-isl --with-linker-hash-style=gnu --with-system-zlib --enable-__cxa_atexit --enable-cet=auto --enable-checking=release --enable-clocale=gnu --enable-default-pie --enable-default-ssp --enable-gnu-indirect-function --enable-gnu-unique-object --enable-install-libiberty --enable-linker-build-id --enable-lto --enable-multilib --enable-plugin --enable-shared --enable-threads=posix --disable-libssp --disable-libstdcxx-pch --disable-libunwind-exceptions --disable-werror gdc_include_dir=/usr/include/dlang/gdc
Thread model: posix
Supported LTO compression algorithms: zlib zstd
gcc version 10.2.0 (GCC) 
COLLECT_GCC_OPTIONS='-v' '-o' 'CMakeFiles/cmTC_b27f5.dir/CMakeCXXCompilerABI.cpp.o' '-c' '-shared-libgcc' '-mtune=generic' '-march=x86-64'
 /usr/lib/gcc/x86_64-pc-linux-gnu/10.2.0/cc1plus -quiet -v -D_GNU_SOURCE /home/geray/.local/share/JetBrains/Toolbox/apps/CLion/ch-0/202.7319.72/bin/cmake/linux/share/cmake-3.17/Modules/CMakeCXXCompilerABI.cpp -quiet -dumpbase CMakeCXXCompilerABI.cpp -mtune=generic -march=x86-64 -auxbase-strip CMakeFiles/cmTC_b27f5.dir/CMakeCXXCompilerABI.cpp.o -version -o /tmp/cctT3LIN.s
GNU C++14 (GCC) version 10.2.0 (x86_64-pc-linux-gnu)
	compiled by GNU C version 10.2.0, GMP version 6.2.0, MPFR version 4.1.0, MPC version 1.1.0, isl version isl-0.21-GMP

GGC heuristics: --param ggc-min-expand=100 --param ggc-min-heapsize=131072
ignoring nonexistent directory "/usr/lib/gcc/x86_64-pc-linux-gnu/10.2.0/../../../../x86_64-pc-linux-gnu/include"
#include "..." search starts here:
#include <...> search starts here:
 /usr/lib/gcc/x86_64-pc-linux-gnu/10.2.0/../../../../include/c++/10.2.0
 /usr/lib/gcc/x86_64-pc-linux-gnu/10.2.0/../../../../include/c++/10.2.0/x86_64-pc-linux-gnu
 /usr/lib/gcc/x86_64-pc-linux-gnu/10.2.0/../../../../include/c++/10.2.0/backward
 /usr/lib/gcc/x86_64-pc-linux-gnu/10.2.0/include
 /usr/local/include
 /usr/lib/gcc/x86_64-pc-linux-gnu/10.2.0/include-fixed
 /usr/include
End of search list.
GNU C++14 (GCC) version 10.2.0 (x86_64-pc-linux-gnu)
	compiled by GNU C version 10.2.0, GMP version 6.2.0, MPFR version 4.1.0, MPC version 1.1.0, isl version isl-0.21-GMP

GGC heuristics: --param ggc-min-expand=100 --param ggc-min-heapsize=131072
Compiler executable checksum: 2affcd71b0797e2421aae734ab600c81
COLLECT_GCC_OPTIONS='-v' '-o' 'CMakeFiles/cmTC_b27f5.dir/CMakeCXXCompilerABI.cpp.o' '-c' '-shared-libgcc' '-mtune=generic' '-march=x86-64'
 as -v --64 -o CMakeFiles/cmTC_b27f5.dir/CMakeCXXCompilerABI.cpp.o /tmp/cctT3LIN.s
GNU assembler version 2.35 (x86_64-pc-linux-gnu) using BFD version (GNU Binutils) 2.35
COMPILER_PATH=/usr/lib/gcc/x86_64-pc-linux-gnu/10.2.0/:/usr/lib/gcc/x86_64-pc-linux-gnu/10.2.0/:/usr/lib/gcc/x86_64-pc-linux-gnu/:/usr/lib/gcc/x86_64-pc-linux-gnu/10.2.0/:/usr/lib/gcc/x86_64-pc-linux-gnu/
LIBRARY_PATH=/usr/lib/gcc/x86_64-pc-linux-gnu/10.2.0/:/usr/lib/gcc/x86_64-pc-linux-gnu/10.2.0/../../../../lib/:/lib/../lib/:/usr/lib/../lib/:/usr/lib/gcc/x86_64-pc-linux-gnu/10.2.0/../../../:/lib/:/usr/lib/
COLLECT_GCC_OPTIONS='-v' '-o' 'CMakeFiles/cmTC_b27f5.dir/CMakeCXXCompilerABI.cpp.o' '-c' '-shared-libgcc' '-mtune=generic' '-march=x86-64'
Linking CXX executable cmTC_b27f5
/home/geray/.local/share/JetBrains/Toolbox/apps/CLion/ch-0/202.7319.72/bin/cmake/linux/bin/cmake -E cmake_link_script CMakeFiles/cmTC_b27f5.dir/link.txt --verbose=1
/usr/bin/c++      -v -rdynamic CMakeFiles/cmTC_b27f5.dir/CMakeCXXCompilerABI.cpp.o  -o cmTC_b27f5 
Using built-in specs.
COLLECT_GCC=/usr/bin/c++
COLLECT_LTO_WRAPPER=/usr/lib/gcc/x86_64-pc-linux-gnu/10.2.0/lto-wrapper
Target: x86_64-pc-linux-gnu
Configured with: /build/gcc/src/gcc/configure --prefix=/usr --libdir=/usr/lib --libexecdir=/usr/lib --mandir=/usr/share/man --infodir=/usr/share/info --with-bugurl=https://bugs.archlinux.org/ --enable-languages=c,c++,ada,fortran,go,lto,objc,obj-c++,d --with-isl --with-linker-hash-style=gnu --with-system-zlib --enable-__cxa_atexit --enable-cet=auto --enable-checking=release --enable-clocale=gnu --enable-default-pie --enable-default-ssp --enable-gnu-indirect-function --enable-gnu-unique-object --enable-install-libiberty --enable-linker-build-id --enable-lto --enable-multilib --enable-plugin --enable-shared --enable-threads=posix --disable-libssp --disable-libstdcxx-pch --disable-libunwind-exceptions --disable-werror gdc_include_dir=/usr/include/dlang/gdc
Thread model: posix
Supported LTO compression algorithms: zlib zstd
gcc version 10.2.0 (GCC) 
COMPILER_PATH=/usr/lib/gcc/x86_64-pc-linux-gnu/10.2.0/:/usr/lib/gcc/x86_64-pc-linux-gnu/10.2.0/:/usr/lib/gcc/x86_64-pc-linux-gnu/:/usr/lib/gcc/x86_64-pc-linux-gnu/10.2.0/:/usr/lib/gcc/x86_64-pc-linux-gnu/
LIBRARY_PATH=/usr/lib/gcc/x86_64-pc-linux-gnu/10.2.0/:/usr/lib/gcc/x86_64-pc-linux-gnu/10.2.0/../../../../lib/:/lib/../lib/:/usr/lib/../lib/:/usr/lib/gcc/x86_64-pc-linux-gnu/10.2.0/../../../:/lib/:/usr/lib/
COLLECT_GCC_OPTIONS='-v' '-rdynamic' '-o' 'cmTC_b27f5' '-shared-libgcc' '-mtune=generic' '-march=x86-64'
 /usr/lib/gcc/x86_64-pc-linux-gnu/10.2.0/collect2 -plugin /usr/lib/gcc/x86_64-pc-linux-gnu/10.2.0/liblto_plugin.so -plugin-opt=/usr/lib/gcc/x86_64-pc-linux-gnu/10.2.0/lto-wrapper -plugin-opt=-fresolution=/tmp/ccR2bgvd.res -plugin-opt=-pass-through=-lgcc_s -plugin-opt=-pass-through=-lgcc -plugin-opt=-pass-through=-lc -plugin-opt=-pass-through=-lgcc_s -plugin-opt=-pass-through=-lgcc --build-id --eh-frame-hdr --hash-style=gnu -m elf_x86_64 -export-dynamic -dynamic-linker /lib64/ld-linux-x86-64.so.2 -pie -o cmTC_b27f5 /usr/lib/gcc/x86_64-pc-linux-gnu/10.2.0/../../../../lib/Scrt1.o /usr/lib/gcc/x86_64-pc-linux-gnu/10.2.0/../../../../lib/crti.o /usr/lib/gcc/x86_64-pc-linux-gnu/10.2.0/crtbeginS.o -L/usr/lib/gcc/x86_64-pc-linux-gnu/10.2.0 -L/usr/lib/gcc/x86_64-pc-linux-gnu/10.2.0/../../../../lib -L/lib/../lib -L/usr/lib/../lib -L/usr/lib/gcc/x86_64-pc-linux-gnu/10.2.0/../../.. CMakeFiles/cmTC_b27f5.dir/CMakeCXXCompilerABI.cpp.o -lstdc++ -lm -lgcc_s -lgcc -lc -lgcc_s -lgcc /usr/lib/gcc/x86_64-pc-linux-gnu/10.2.0/crtendS.o /usr/lib/gcc/x86_64-pc-linux-gnu/10.2.0/../../../../lib/crtn.o
COLLECT_GCC_OPTIONS='-v' '-rdynamic' '-o' 'cmTC_b27f5' '-shared-libgcc' '-mtune=generic' '-march=x86-64'
make[1]: Leaving directory '/home/geray/mindspore-master/cmake-build-debug/_deps/eigen3-src/_build/CMakeFiles/CMakeTmp'



Parsed CXX implicit include dir info from above output: rv=done
  found start of include info
  found start of implicit include info
    add: [/usr/lib/gcc/x86_64-pc-linux-gnu/10.2.0/../../../../include/c++/10.2.0]
    add: [/usr/lib/gcc/x86_64-pc-linux-gnu/10.2.0/../../../../include/c++/10.2.0/x86_64-pc-linux-gnu]
    add: [/usr/lib/gcc/x86_64-pc-linux-gnu/10.2.0/../../../../include/c++/10.2.0/backward]
    add: [/usr/lib/gcc/x86_64-pc-linux-gnu/10.2.0/include]
    add: [/usr/local/include]
    add: [/usr/lib/gcc/x86_64-pc-linux-gnu/10.2.0/include-fixed]
    add: [/usr/include]
  end of search list found
  collapse include dir [/usr/lib/gcc/x86_64-pc-linux-gnu/10.2.0/../../../../include/c++/10.2.0] ==> [/usr/include/c++/10.2.0]
  collapse include dir [/usr/lib/gcc/x86_64-pc-linux-gnu/10.2.0/../../../../include/c++/10.2.0/x86_64-pc-linux-gnu] ==> [/usr/include/c++/10.2.0/x86_64-pc-linux-gnu]
  collapse include dir [/usr/lib/gcc/x86_64-pc-linux-gnu/10.2.0/../../../../include/c++/10.2.0/backward] ==> [/usr/include/c++/10.2.0/backward]
  collapse include dir [/usr/lib/gcc/x86_64-pc-linux-gnu/10.2.0/include] ==> [/usr/lib/gcc/x86_64-pc-linux-gnu/10.2.0/include]
  collapse include dir [/usr/local/include] ==> [/usr/local/include]
  collapse include dir [/usr/lib/gcc/x86_64-pc-linux-gnu/10.2.0/include-fixed] ==> [/usr/lib/gcc/x86_64-pc-linux-gnu/10.2.0/include-fixed]
  collapse include dir [/usr/include] ==> [/usr/include]
  implicit include dirs: [/usr/include/c++/10.2.0;/usr/include/c++/10.2.0/x86_64-pc-linux-gnu;/usr/include/c++/10.2.0/backward;/usr/lib/gcc/x86_64-pc-linux-gnu/10.2.0/include;/usr/local/include;/usr/lib/gcc/x86_64-pc-linux-gnu/10.2.0/include-fixed;/usr/include]


Parsed CXX implicit link information from above output:
  link line regex: [^( *|.*[/\])(ld|CMAKE_LINK_STARTFILE-NOTFOUND|([^/\]+-)?ld|collect2)[^/\]*( |$)]
  ignore line: [Change Dir: /home/geray/mindspore-master/cmake-build-debug/_deps/eigen3-src/_build/CMakeFiles/CMakeTmp]
  ignore line: []
  ignore line: [Run Build Command(s):/usr/bin/make cmTC_b27f5/fast && /usr/bin/make  -f CMakeFiles/cmTC_b27f5.dir/build.make CMakeFiles/cmTC_b27f5.dir/build]
  ignore line: [make[1]: Entering directory '/home/geray/mindspore-master/cmake-build-debug/_deps/eigen3-src/_build/CMakeFiles/CMakeTmp']
  ignore line: [Building CXX object CMakeFiles/cmTC_b27f5.dir/CMakeCXXCompilerABI.cpp.o]
  ignore line: [/usr/bin/c++    -v -o CMakeFiles/cmTC_b27f5.dir/CMakeCXXCompilerABI.cpp.o -c /home/geray/.local/share/JetBrains/Toolbox/apps/CLion/ch-0/202.7319.72/bin/cmake/linux/share/cmake-3.17/Modules/CMakeCXXCompilerABI.cpp]
  ignore line: [Using built-in specs.]
  ignore line: [COLLECT_GCC=/usr/bin/c++]
  ignore line: [Target: x86_64-pc-linux-gnu]
  ignore line: [Configured with: /build/gcc/src/gcc/configure --prefix=/usr --libdir=/usr/lib --libexecdir=/usr/lib --mandir=/usr/share/man --infodir=/usr/share/info --with-bugurl=https://bugs.archlinux.org/ --enable-languages=c c++ ada fortran go lto objc obj-c++ d --with-isl --with-linker-hash-style=gnu --with-system-zlib --enable-__cxa_atexit --enable-cet=auto --enable-checking=release --enable-clocale=gnu --enable-default-pie --enable-default-ssp --enable-gnu-indirect-function --enable-gnu-unique-object --enable-install-libiberty --enable-linker-build-id --enable-lto --enable-multilib --enable-plugin --enable-shared --enable-threads=posix --disable-libssp --disable-libstdcxx-pch --disable-libunwind-exceptions --disable-werror gdc_include_dir=/usr/include/dlang/gdc]
  ignore line: [Thread model: posix]
  ignore line: [Supported LTO compression algorithms: zlib zstd]
  ignore line: [gcc version 10.2.0 (GCC) ]
  ignore line: [COLLECT_GCC_OPTIONS='-v' '-o' 'CMakeFiles/cmTC_b27f5.dir/CMakeCXXCompilerABI.cpp.o' '-c' '-shared-libgcc' '-mtune=generic' '-march=x86-64']
  ignore line: [ /usr/lib/gcc/x86_64-pc-linux-gnu/10.2.0/cc1plus -quiet -v -D_GNU_SOURCE /home/geray/.local/share/JetBrains/Toolbox/apps/CLion/ch-0/202.7319.72/bin/cmake/linux/share/cmake-3.17/Modules/CMakeCXXCompilerABI.cpp -quiet -dumpbase CMakeCXXCompilerABI.cpp -mtune=generic -march=x86-64 -auxbase-strip CMakeFiles/cmTC_b27f5.dir/CMakeCXXCompilerABI.cpp.o -version -o /tmp/cctT3LIN.s]
  ignore line: [GNU C++14 (GCC) version 10.2.0 (x86_64-pc-linux-gnu)]
  ignore line: [	compiled by GNU C version 10.2.0  GMP version 6.2.0  MPFR version 4.1.0  MPC version 1.1.0  isl version isl-0.21-GMP]
  ignore line: []
  ignore line: [GGC heuristics: --param ggc-min-expand=100 --param ggc-min-heapsize=131072]
  ignore line: [ignoring nonexistent directory "/usr/lib/gcc/x86_64-pc-linux-gnu/10.2.0/../../../../x86_64-pc-linux-gnu/include"]
  ignore line: [#include "..." search starts here:]
  ignore line: [#include <...> search starts here:]
  ignore line: [ /usr/lib/gcc/x86_64-pc-linux-gnu/10.2.0/../../../../include/c++/10.2.0]
  ignore line: [ /usr/lib/gcc/x86_64-pc-linux-gnu/10.2.0/../../../../include/c++/10.2.0/x86_64-pc-linux-gnu]
  ignore line: [ /usr/lib/gcc/x86_64-pc-linux-gnu/10.2.0/../../../../include/c++/10.2.0/backward]
  ignore line: [ /usr/lib/gcc/x86_64-pc-linux-gnu/10.2.0/include]
  ignore line: [ /usr/local/include]
  ignore line: [ /usr/lib/gcc/x86_64-pc-linux-gnu/10.2.0/include-fixed]
  ignore line: [ /usr/include]
  ignore line: [End of search list.]
  ignore line: [GNU C++14 (GCC) version 10.2.0 (x86_64-pc-linux-gnu)]
  ignore line: [	compiled by GNU C version 10.2.0  GMP version 6.2.0  MPFR version 4.1.0  MPC version 1.1.0  isl version isl-0.21-GMP]
  ignore line: []
  ignore line: [GGC heuristics: --param ggc-min-expand=100 --param ggc-min-heapsize=131072]
  ignore line: [Compiler executable checksum: 2affcd71b0797e2421aae734ab600c81]
  ignore line: [COLLECT_GCC_OPTIONS='-v' '-o' 'CMakeFiles/cmTC_b27f5.dir/CMakeCXXCompilerABI.cpp.o' '-c' '-shared-libgcc' '-mtune=generic' '-march=x86-64']
  ignore line: [ as -v --64 -o CMakeFiles/cmTC_b27f5.dir/CMakeCXXCompilerABI.cpp.o /tmp/cctT3LIN.s]
  ignore line: [GNU assembler version 2.35 (x86_64-pc-linux-gnu) using BFD version (GNU Binutils) 2.35]
  ignore line: [COMPILER_PATH=/usr/lib/gcc/x86_64-pc-linux-gnu/10.2.0/:/usr/lib/gcc/x86_64-pc-linux-gnu/10.2.0/:/usr/lib/gcc/x86_64-pc-linux-gnu/:/usr/lib/gcc/x86_64-pc-linux-gnu/10.2.0/:/usr/lib/gcc/x86_64-pc-linux-gnu/]
  ignore line: [LIBRARY_PATH=/usr/lib/gcc/x86_64-pc-linux-gnu/10.2.0/:/usr/lib/gcc/x86_64-pc-linux-gnu/10.2.0/../../../../lib/:/lib/../lib/:/usr/lib/../lib/:/usr/lib/gcc/x86_64-pc-linux-gnu/10.2.0/../../../:/lib/:/usr/lib/]
  ignore line: [COLLECT_GCC_OPTIONS='-v' '-o' 'CMakeFiles/cmTC_b27f5.dir/CMakeCXXCompilerABI.cpp.o' '-c' '-shared-libgcc' '-mtune=generic' '-march=x86-64']
  ignore line: [Linking CXX executable cmTC_b27f5]
  ignore line: [/home/geray/.local/share/JetBrains/Toolbox/apps/CLion/ch-0/202.7319.72/bin/cmake/linux/bin/cmake -E cmake_link_script CMakeFiles/cmTC_b27f5.dir/link.txt --verbose=1]
  ignore line: [/usr/bin/c++      -v -rdynamic CMakeFiles/cmTC_b27f5.dir/CMakeCXXCompilerABI.cpp.o  -o cmTC_b27f5 ]
  ignore line: [Using built-in specs.]
  ignore line: [COLLECT_GCC=/usr/bin/c++]
  ignore line: [COLLECT_LTO_WRAPPER=/usr/lib/gcc/x86_64-pc-linux-gnu/10.2.0/lto-wrapper]
  ignore line: [Target: x86_64-pc-linux-gnu]
  ignore line: [Configured with: /build/gcc/src/gcc/configure --prefix=/usr --libdir=/usr/lib --libexecdir=/usr/lib --mandir=/usr/share/man --infodir=/usr/share/info --with-bugurl=https://bugs.archlinux.org/ --enable-languages=c c++ ada fortran go lto objc obj-c++ d --with-isl --with-linker-hash-style=gnu --with-system-zlib --enable-__cxa_atexit --enable-cet=auto --enable-checking=release --enable-clocale=gnu --enable-default-pie --enable-default-ssp --enable-gnu-indirect-function --enable-gnu-unique-object --enable-install-libiberty --enable-linker-build-id --enable-lto --enable-multilib --enable-plugin --enable-shared --enable-threads=posix --disable-libssp --disable-libstdcxx-pch --disable-libunwind-exceptions --disable-werror gdc_include_dir=/usr/include/dlang/gdc]
  ignore line: [Thread model: posix]
  ignore line: [Supported LTO compression algorithms: zlib zstd]
  ignore line: [gcc version 10.2.0 (GCC) ]
  ignore line: [COMPILER_PATH=/usr/lib/gcc/x86_64-pc-linux-gnu/10.2.0/:/usr/lib/gcc/x86_64-pc-linux-gnu/10.2.0/:/usr/lib/gcc/x86_64-pc-linux-gnu/:/usr/lib/gcc/x86_64-pc-linux-gnu/10.2.0/:/usr/lib/gcc/x86_64-pc-linux-gnu/]
  ignore line: [LIBRARY_PATH=/usr/lib/gcc/x86_64-pc-linux-gnu/10.2.0/:/usr/lib/gcc/x86_64-pc-linux-gnu/10.2.0/../../../../lib/:/lib/../lib/:/usr/lib/../lib/:/usr/lib/gcc/x86_64-pc-linux-gnu/10.2.0/../../../:/lib/:/usr/lib/]
  ignore line: [COLLECT_GCC_OPTIONS='-v' '-rdynamic' '-o' 'cmTC_b27f5' '-shared-libgcc' '-mtune=generic' '-march=x86-64']
  link line: [ /usr/lib/gcc/x86_64-pc-linux-gnu/10.2.0/collect2 -plugin /usr/lib/gcc/x86_64-pc-linux-gnu/10.2.0/liblto_plugin.so -plugin-opt=/usr/lib/gcc/x86_64-pc-linux-gnu/10.2.0/lto-wrapper -plugin-opt=-fresolution=/tmp/ccR2bgvd.res -plugin-opt=-pass-through=-lgcc_s -plugin-opt=-pass-through=-lgcc -plugin-opt=-pass-through=-lc -plugin-opt=-pass-through=-lgcc_s -plugin-opt=-pass-through=-lgcc --build-id --eh-frame-hdr --hash-style=gnu -m elf_x86_64 -export-dynamic -dynamic-linker /lib64/ld-linux-x86-64.so.2 -pie -o cmTC_b27f5 /usr/lib/gcc/x86_64-pc-linux-gnu/10.2.0/../../../../lib/Scrt1.o /usr/lib/gcc/x86_64-pc-linux-gnu/10.2.0/../../../../lib/crti.o /usr/lib/gcc/x86_64-pc-linux-gnu/10.2.0/crtbeginS.o -L/usr/lib/gcc/x86_64-pc-linux-gnu/10.2.0 -L/usr/lib/gcc/x86_64-pc-linux-gnu/10.2.0/../../../../lib -L/lib/../lib -L/usr/lib/../lib -L/usr/lib/gcc/x86_64-pc-linux-gnu/10.2.0/../../.. CMakeFiles/cmTC_b27f5.dir/CMakeCXXCompilerABI.cpp.o -lstdc++ -lm -lgcc_s -lgcc -lc -lgcc_s -lgcc /usr/lib/gcc/x86_64-pc-linux-gnu/10.2.0/crtendS.o /usr/lib/gcc/x86_64-pc-linux-gnu/10.2.0/../../../../lib/crtn.o]
    arg [/usr/lib/gcc/x86_64-pc-linux-gnu/10.2.0/collect2] ==> ignore
    arg [-plugin] ==> ignore
    arg [/usr/lib/gcc/x86_64-pc-linux-gnu/10.2.0/liblto_plugin.so] ==> ignore
    arg [-plugin-opt=/usr/lib/gcc/x86_64-pc-linux-gnu/10.2.0/lto-wrapper] ==> ignore
    arg [-plugin-opt=-fresolution=/tmp/ccR2bgvd.res] ==> ignore
    arg [-plugin-opt=-pass-through=-lgcc_s] ==> ignore
    arg [-plugin-opt=-pass-through=-lgcc] ==> ignore
    arg [-plugin-opt=-pass-through=-lc] ==> ignore
    arg [-plugin-opt=-pass-through=-lgcc_s] ==> ignore
    arg [-plugin-opt=-pass-through=-lgcc] ==> ignore
    arg [--build-id] ==> ignore
    arg [--eh-frame-hdr] ==> ignore
    arg [--hash-style=gnu] ==> ignore
    arg [-m] ==> ignore
    arg [elf_x86_64] ==> ignore
    arg [-export-dynamic] ==> ignore
    arg [-dynamic-linker] ==> ignore
    arg [/lib64/ld-linux-x86-64.so.2] ==> ignore
    arg [-pie] ==> ignore
    arg [-o] ==> ignore
    arg [cmTC_b27f5] ==> ignore
    arg [/usr/lib/gcc/x86_64-pc-linux-gnu/10.2.0/../../../../lib/Scrt1.o] ==> ignore
    arg [/usr/lib/gcc/x86_64-pc-linux-gnu/10.2.0/../../../../lib/crti.o] ==> ignore
    arg [/usr/lib/gcc/x86_64-pc-linux-gnu/10.2.0/crtbeginS.o] ==> ignore
    arg [-L/usr/lib/gcc/x86_64-pc-linux-gnu/10.2.0] ==> dir [/usr/lib/gcc/x86_64-pc-linux-gnu/10.2.0]
    arg [-L/usr/lib/gcc/x86_64-pc-linux-gnu/10.2.0/../../../../lib] ==> dir [/usr/lib/gcc/x86_64-pc-linux-gnu/10.2.0/../../../../lib]
    arg [-L/lib/../lib] ==> dir [/lib/../lib]
    arg [-L/usr/lib/../lib] ==> dir [/usr/lib/../lib]
    arg [-L/usr/lib/gcc/x86_64-pc-linux-gnu/10.2.0/../../..] ==> dir [/usr/lib/gcc/x86_64-pc-linux-gnu/10.2.0/../../..]
    arg [CMakeFiles/cmTC_b27f5.dir/CMakeCXXCompilerABI.cpp.o] ==> ignore
    arg [-lstdc++] ==> lib [stdc++]
    arg [-lm] ==> lib [m]
    arg [-lgcc_s] ==> lib [gcc_s]
    arg [-lgcc] ==> lib [gcc]
    arg [-lc] ==> lib [c]
    arg [-lgcc_s] ==> lib [gcc_s]
    arg [-lgcc] ==> lib [gcc]
    arg [/usr/lib/gcc/x86_64-pc-linux-gnu/10.2.0/crtendS.o] ==> ignore
    arg [/usr/lib/gcc/x86_64-pc-linux-gnu/10.2.0/../../../../lib/crtn.o] ==> ignore
  collapse library dir [/usr/lib/gcc/x86_64-pc-linux-gnu/10.2.0] ==> [/usr/lib/gcc/x86_64-pc-linux-gnu/10.2.0]
  collapse library dir [/usr/lib/gcc/x86_64-pc-linux-gnu/10.2.0/../../../../lib] ==> [/usr/lib]
  collapse library dir [/lib/../lib] ==> [/lib]
  collapse library dir [/usr/lib/../lib] ==> [/usr/lib]
  collapse library dir [/usr/lib/gcc/x86_64-pc-linux-gnu/10.2.0/../../..] ==> [/usr/lib]
  implicit libs: [stdc++;m;gcc_s;gcc;c;gcc_s;gcc]
  implicit dirs: [/usr/lib/gcc/x86_64-pc-linux-gnu/10.2.0;/usr/lib;/lib]
  implicit fwks: []


Performing C++ SOURCE FILE Test EIGEN_COMPILER_SUPPORT_CPP11 succeeded with the following output:
Change Dir: /home/geray/mindspore-master/cmake-build-debug/_deps/eigen3-src/_build/CMakeFiles/CMakeTmp

Run Build Command(s):/usr/bin/make cmTC_72afa/fast && /usr/bin/make  -f CMakeFiles/cmTC_72afa.dir/build.make CMakeFiles/cmTC_72afa.dir/build
make[1]: Entering directory '/home/geray/mindspore-master/cmake-build-debug/_deps/eigen3-src/_build/CMakeFiles/CMakeTmp'
Building CXX object CMakeFiles/cmTC_72afa.dir/src.cxx.o
/usr/bin/c++    -DEIGEN_COMPILER_SUPPORT_CPP11   -std=c++11 -o CMakeFiles/cmTC_72afa.dir/src.cxx.o -c /home/geray/mindspore-master/cmake-build-debug/_deps/eigen3-src/_build/CMakeFiles/CMakeTmp/src.cxx
Linking CXX executable cmTC_72afa
/home/geray/.local/share/JetBrains/Toolbox/apps/CLion/ch-0/202.7319.72/bin/cmake/linux/bin/cmake -E cmake_link_script CMakeFiles/cmTC_72afa.dir/link.txt --verbose=1
/usr/bin/c++   -DEIGEN_COMPILER_SUPPORT_CPP11    -rdynamic CMakeFiles/cmTC_72afa.dir/src.cxx.o  -o cmTC_72afa 
make[1]: Leaving directory '/home/geray/mindspore-master/cmake-build-debug/_deps/eigen3-src/_build/CMakeFiles/CMakeTmp'


Source file was:
int main() { return 0; }
Performing C++ SOURCE FILE Test COMPILER_SUPPORT_std=cpp03 succeeded with the following output:
Change Dir: /home/geray/mindspore-master/cmake-build-debug/_deps/eigen3-src/_build/CMakeFiles/CMakeTmp

Run Build Command(s):/usr/bin/make cmTC_8f9a4/fast && /usr/bin/make  -f CMakeFiles/cmTC_8f9a4.dir/build.make CMakeFiles/cmTC_8f9a4.dir/build
make[1]: Entering directory '/home/geray/mindspore-master/cmake-build-debug/_deps/eigen3-src/_build/CMakeFiles/CMakeTmp'
Building CXX object CMakeFiles/cmTC_8f9a4.dir/src.cxx.o
/usr/bin/c++    -DCOMPILER_SUPPORT_std=cpp03   -std=c++03 -o CMakeFiles/cmTC_8f9a4.dir/src.cxx.o -c /home/geray/mindspore-master/cmake-build-debug/_deps/eigen3-src/_build/CMakeFiles/CMakeTmp/src.cxx
Linking CXX executable cmTC_8f9a4
/home/geray/.local/share/JetBrains/Toolbox/apps/CLion/ch-0/202.7319.72/bin/cmake/linux/bin/cmake -E cmake_link_script CMakeFiles/cmTC_8f9a4.dir/link.txt --verbose=1
/usr/bin/c++   -DCOMPILER_SUPPORT_std=cpp03    -rdynamic CMakeFiles/cmTC_8f9a4.dir/src.cxx.o  -o cmTC_8f9a4 
make[1]: Leaving directory '/home/geray/mindspore-master/cmake-build-debug/_deps/eigen3-src/_build/CMakeFiles/CMakeTmp'


Source file was:
int main() { return 0; }
Performing C++ SOURCE FILE Test standard_math_library_linked_to_automatically succeeded with the following output:
Change Dir: /home/geray/mindspore-master/cmake-build-debug/_deps/eigen3-src/_build/CMakeFiles/CMakeTmp

Run Build Command(s):/usr/bin/make cmTC_1c89f/fast && /usr/bin/make  -f CMakeFiles/cmTC_1c89f.dir/build.make CMakeFiles/cmTC_1c89f.dir/build
make[1]: 进入目录“/home/geray/mindspore-master/cmake-build-debug/_deps/eigen3-src/_build/CMakeFiles/CMakeTmp”
Building CXX object CMakeFiles/cmTC_1c89f.dir/src.cxx.o
/usr/bin/c++    -std=c++03 -Dstandard_math_library_linked_to_automatically   -o CMakeFiles/cmTC_1c89f.dir/src.cxx.o -c /home/geray/mindspore-master/cmake-build-debug/_deps/eigen3-src/_build/CMakeFiles/CMakeTmp/src.cxx
Linking CXX executable cmTC_1c89f
/home/geray/.local/share/JetBrains/Toolbox/apps/CLion/ch-0/202.7319.72/bin/cmake/linux/bin/cmake -E cmake_link_script CMakeFiles/cmTC_1c89f.dir/link.txt --verbose=1
/usr/bin/c++   -std=c++03 -Dstandard_math_library_linked_to_automatically    -rdynamic CMakeFiles/cmTC_1c89f.dir/src.cxx.o  -o cmTC_1c89f 
make[1]: 离开目录“/home/geray/mindspore-master/cmake-build-debug/_deps/eigen3-src/_build/CMakeFiles/CMakeTmp”


Source file was:
#include<cmath>
int main() { std::sin(0.0); std::log(0.0f); }
Performing C++ SOURCE FILE Test COMPILER_SUPPORT_WERROR succeeded with the following output:
Change Dir: /home/geray/mindspore-master/cmake-build-debug/_deps/eigen3-src/_build/CMakeFiles/CMakeTmp

Run Build Command(s):/usr/bin/make cmTC_19546/fast && /usr/bin/make  -f CMakeFiles/cmTC_19546.dir/build.make CMakeFiles/cmTC_19546.dir/build
make[1]: Entering directory '/home/geray/mindspore-master/cmake-build-debug/_deps/eigen3-src/_build/CMakeFiles/CMakeTmp'
Building CXX object CMakeFiles/cmTC_19546.dir/src.cxx.o
/usr/bin/c++    -std=c++03 -DCOMPILER_SUPPORT_WERROR   -Werror -o CMakeFiles/cmTC_19546.dir/src.cxx.o -c /home/geray/mindspore-master/cmake-build-debug/_deps/eigen3-src/_build/CMakeFiles/CMakeTmp/src.cxx
Linking CXX executable cmTC_19546
/home/geray/.local/share/JetBrains/Toolbox/apps/CLion/ch-0/202.7319.72/bin/cmake/linux/bin/cmake -E cmake_link_script CMakeFiles/cmTC_19546.dir/link.txt --verbose=1
/usr/bin/c++   -std=c++03 -DCOMPILER_SUPPORT_WERROR    -rdynamic CMakeFiles/cmTC_19546.dir/src.cxx.o  -o cmTC_19546 
make[1]: Leaving directory '/home/geray/mindspore-master/cmake-build-debug/_deps/eigen3-src/_build/CMakeFiles/CMakeTmp'


Source file was:
int main() { return 0; }
Performing C++ SOURCE FILE Test COMPILER_SUPPORT_pedantic succeeded with the following output:
Change Dir: /home/geray/mindspore-master/cmake-build-debug/_deps/eigen3-src/_build/CMakeFiles/CMakeTmp

Run Build Command(s):/usr/bin/make cmTC_5fbae/fast && /usr/bin/make  -f CMakeFiles/cmTC_5fbae.dir/build.make CMakeFiles/cmTC_5fbae.dir/build
make[1]: Entering directory '/home/geray/mindspore-master/cmake-build-debug/_deps/eigen3-src/_build/CMakeFiles/CMakeTmp'
Building CXX object CMakeFiles/cmTC_5fbae.dir/src.cxx.o
/usr/bin/c++    -std=c++03 -DCOMPILER_SUPPORT_pedantic -Werror   -pedantic -o CMakeFiles/cmTC_5fbae.dir/src.cxx.o -c /home/geray/mindspore-master/cmake-build-debug/_deps/eigen3-src/_build/CMakeFiles/CMakeTmp/src.cxx
Linking CXX executable cmTC_5fbae
/home/geray/.local/share/JetBrains/Toolbox/apps/CLion/ch-0/202.7319.72/bin/cmake/linux/bin/cmake -E cmake_link_script CMakeFiles/cmTC_5fbae.dir/link.txt --verbose=1
/usr/bin/c++   -std=c++03 -DCOMPILER_SUPPORT_pedantic -Werror    -rdynamic CMakeFiles/cmTC_5fbae.dir/src.cxx.o  -o cmTC_5fbae 
make[1]: Leaving directory '/home/geray/mindspore-master/cmake-build-debug/_deps/eigen3-src/_build/CMakeFiles/CMakeTmp'


Source file was:
int main() { return 0; }
Performing C++ SOURCE FILE Test COMPILER_SUPPORT_Wall succeeded with the following output:
Change Dir: /home/geray/mindspore-master/cmake-build-debug/_deps/eigen3-src/_build/CMakeFiles/CMakeTmp

Run Build Command(s):/usr/bin/make cmTC_0fbe0/fast && /usr/bin/make  -f CMakeFiles/cmTC_0fbe0.dir/build.make CMakeFiles/cmTC_0fbe0.dir/build
make[1]: Entering directory '/home/geray/mindspore-master/cmake-build-debug/_deps/eigen3-src/_build/CMakeFiles/CMakeTmp'
Building CXX object CMakeFiles/cmTC_0fbe0.dir/src.cxx.o
/usr/bin/c++    -std=c++03 -pedantic -DCOMPILER_SUPPORT_Wall -Werror   -Wall -o CMakeFiles/cmTC_0fbe0.dir/src.cxx.o -c /home/geray/mindspore-master/cmake-build-debug/_deps/eigen3-src/_build/CMakeFiles/CMakeTmp/src.cxx
Linking CXX executable cmTC_0fbe0
/home/geray/.local/share/JetBrains/Toolbox/apps/CLion/ch-0/202.7319.72/bin/cmake/linux/bin/cmake -E cmake_link_script CMakeFiles/cmTC_0fbe0.dir/link.txt --verbose=1
/usr/bin/c++   -std=c++03 -pedantic -DCOMPILER_SUPPORT_Wall -Werror    -rdynamic CMakeFiles/cmTC_0fbe0.dir/src.cxx.o  -o cmTC_0fbe0 
make[1]: Leaving directory '/home/geray/mindspore-master/cmake-build-debug/_deps/eigen3-src/_build/CMakeFiles/CMakeTmp'


Source file was:
int main() { return 0; }
Performing C++ SOURCE FILE Test COMPILER_SUPPORT_Wextra succeeded with the following output:
Change Dir: /home/geray/mindspore-master/cmake-build-debug/_deps/eigen3-src/_build/CMakeFiles/CMakeTmp

Run Build Command(s):/usr/bin/make cmTC_138ea/fast && /usr/bin/make  -f CMakeFiles/cmTC_138ea.dir/build.make CMakeFiles/cmTC_138ea.dir/build
make[1]: Entering directory '/home/geray/mindspore-master/cmake-build-debug/_deps/eigen3-src/_build/CMakeFiles/CMakeTmp'
Building CXX object CMakeFiles/cmTC_138ea.dir/src.cxx.o
/usr/bin/c++    -std=c++03 -pedantic -Wall -DCOMPILER_SUPPORT_Wextra -Werror   -Wextra -o CMakeFiles/cmTC_138ea.dir/src.cxx.o -c /home/geray/mindspore-master/cmake-build-debug/_deps/eigen3-src/_build/CMakeFiles/CMakeTmp/src.cxx
Linking CXX executable cmTC_138ea
/home/geray/.local/share/JetBrains/Toolbox/apps/CLion/ch-0/202.7319.72/bin/cmake/linux/bin/cmake -E cmake_link_script CMakeFiles/cmTC_138ea.dir/link.txt --verbose=1
/usr/bin/c++   -std=c++03 -pedantic -Wall -DCOMPILER_SUPPORT_Wextra -Werror    -rdynamic CMakeFiles/cmTC_138ea.dir/src.cxx.o  -o cmTC_138ea 
make[1]: Leaving directory '/home/geray/mindspore-master/cmake-build-debug/_deps/eigen3-src/_build/CMakeFiles/CMakeTmp'


Source file was:
int main() { return 0; }
Performing C++ SOURCE FILE Test COMPILER_SUPPORT_Wundef succeeded with the following output:
Change Dir: /home/geray/mindspore-master/cmake-build-debug/_deps/eigen3-src/_build/CMakeFiles/CMakeTmp

Run Build Command(s):/usr/bin/make cmTC_b9f9d/fast && /usr/bin/make  -f CMakeFiles/cmTC_b9f9d.dir/build.make CMakeFiles/cmTC_b9f9d.dir/build
make[1]: Entering directory '/home/geray/mindspore-master/cmake-build-debug/_deps/eigen3-src/_build/CMakeFiles/CMakeTmp'
Building CXX object CMakeFiles/cmTC_b9f9d.dir/src.cxx.o
/usr/bin/c++    -std=c++03 -pedantic -Wall -Wextra -DCOMPILER_SUPPORT_Wundef -Werror   -Wundef -o CMakeFiles/cmTC_b9f9d.dir/src.cxx.o -c /home/geray/mindspore-master/cmake-build-debug/_deps/eigen3-src/_build/CMakeFiles/CMakeTmp/src.cxx
Linking CXX executable cmTC_b9f9d
/home/geray/.local/share/JetBrains/Toolbox/apps/CLion/ch-0/202.7319.72/bin/cmake/linux/bin/cmake -E cmake_link_script CMakeFiles/cmTC_b9f9d.dir/link.txt --verbose=1
/usr/bin/c++   -std=c++03 -pedantic -Wall -Wextra -DCOMPILER_SUPPORT_Wundef -Werror    -rdynamic CMakeFiles/cmTC_b9f9d.dir/src.cxx.o  -o cmTC_b9f9d 
make[1]: Leaving directory '/home/geray/mindspore-master/cmake-build-debug/_deps/eigen3-src/_build/CMakeFiles/CMakeTmp'


Source file was:
int main() { return 0; }
Performing C++ SOURCE FILE Test COMPILER_SUPPORT_Wcastalign succeeded with the following output:
Change Dir: /home/geray/mindspore-master/cmake-build-debug/_deps/eigen3-src/_build/CMakeFiles/CMakeTmp

Run Build Command(s):/usr/bin/make cmTC_bc4fd/fast && /usr/bin/make  -f CMakeFiles/cmTC_bc4fd.dir/build.make CMakeFiles/cmTC_bc4fd.dir/build
make[1]: Entering directory '/home/geray/mindspore-master/cmake-build-debug/_deps/eigen3-src/_build/CMakeFiles/CMakeTmp'
Building CXX object CMakeFiles/cmTC_bc4fd.dir/src.cxx.o
/usr/bin/c++    -std=c++03 -pedantic -Wall -Wextra -Wundef -DCOMPILER_SUPPORT_Wcastalign -Werror   -Wcast-align -o CMakeFiles/cmTC_bc4fd.dir/src.cxx.o -c /home/geray/mindspore-master/cmake-build-debug/_deps/eigen3-src/_build/CMakeFiles/CMakeTmp/src.cxx
Linking CXX executable cmTC_bc4fd
/home/geray/.local/share/JetBrains/Toolbox/apps/CLion/ch-0/202.7319.72/bin/cmake/linux/bin/cmake -E cmake_link_script CMakeFiles/cmTC_bc4fd.dir/link.txt --verbose=1
/usr/bin/c++   -std=c++03 -pedantic -Wall -Wextra -Wundef -DCOMPILER_SUPPORT_Wcastalign -Werror    -rdynamic CMakeFiles/cmTC_bc4fd.dir/src.cxx.o  -o cmTC_bc4fd 
make[1]: Leaving directory '/home/geray/mindspore-master/cmake-build-debug/_deps/eigen3-src/_build/CMakeFiles/CMakeTmp'


Source file was:
int main() { return 0; }
Performing C++ SOURCE FILE Test COMPILER_SUPPORT_Wcharsubscripts succeeded with the following output:
Change Dir: /home/geray/mindspore-master/cmake-build-debug/_deps/eigen3-src/_build/CMakeFiles/CMakeTmp

Run Build Command(s):/usr/bin/make cmTC_ce23b/fast && /usr/bin/make  -f CMakeFiles/cmTC_ce23b.dir/build.make CMakeFiles/cmTC_ce23b.dir/build
make[1]: Entering directory '/home/geray/mindspore-master/cmake-build-debug/_deps/eigen3-src/_build/CMakeFiles/CMakeTmp'
Building CXX object CMakeFiles/cmTC_ce23b.dir/src.cxx.o
/usr/bin/c++    -std=c++03 -pedantic -Wall -Wextra -Wundef -Wcast-align -DCOMPILER_SUPPORT_Wcharsubscripts -Werror   -Wchar-subscripts -o CMakeFiles/cmTC_ce23b.dir/src.cxx.o -c /home/geray/mindspore-master/cmake-build-debug/_deps/eigen3-src/_build/CMakeFiles/CMakeTmp/src.cxx
Linking CXX executable cmTC_ce23b
/home/geray/.local/share/JetBrains/Toolbox/apps/CLion/ch-0/202.7319.72/bin/cmake/linux/bin/cmake -E cmake_link_script CMakeFiles/cmTC_ce23b.dir/link.txt --verbose=1
/usr/bin/c++   -std=c++03 -pedantic -Wall -Wextra -Wundef -Wcast-align -DCOMPILER_SUPPORT_Wcharsubscripts -Werror    -rdynamic CMakeFiles/cmTC_ce23b.dir/src.cxx.o  -o cmTC_ce23b 
make[1]: Leaving directory '/home/geray/mindspore-master/cmake-build-debug/_deps/eigen3-src/_build/CMakeFiles/CMakeTmp'


Source file was:
int main() { return 0; }
Performing C++ SOURCE FILE Test COMPILER_SUPPORT_Wnonvirtualdtor succeeded with the following output:
Change Dir: /home/geray/mindspore-master/cmake-build-debug/_deps/eigen3-src/_build/CMakeFiles/CMakeTmp

Run Build Command(s):/usr/bin/make cmTC_91d68/fast && /usr/bin/make  -f CMakeFiles/cmTC_91d68.dir/build.make CMakeFiles/cmTC_91d68.dir/build
make[1]: Entering directory '/home/geray/mindspore-master/cmake-build-debug/_deps/eigen3-src/_build/CMakeFiles/CMakeTmp'
Building CXX object CMakeFiles/cmTC_91d68.dir/src.cxx.o
/usr/bin/c++    -std=c++03 -pedantic -Wall -Wextra -Wundef -Wcast-align -Wchar-subscripts -DCOMPILER_SUPPORT_Wnonvirtualdtor -Werror   -Wnon-virtual-dtor -o CMakeFiles/cmTC_91d68.dir/src.cxx.o -c /home/geray/mindspore-master/cmake-build-debug/_deps/eigen3-src/_build/CMakeFiles/CMakeTmp/src.cxx
Linking CXX executable cmTC_91d68
/home/geray/.local/share/JetBrains/Toolbox/apps/CLion/ch-0/202.7319.72/bin/cmake/linux/bin/cmake -E cmake_link_script CMakeFiles/cmTC_91d68.dir/link.txt --verbose=1
/usr/bin/c++   -std=c++03 -pedantic -Wall -Wextra -Wundef -Wcast-align -Wchar-subscripts -DCOMPILER_SUPPORT_Wnonvirtualdtor -Werror    -rdynamic CMakeFiles/cmTC_91d68.dir/src.cxx.o  -o cmTC_91d68 
make[1]: Leaving directory '/home/geray/mindspore-master/cmake-build-debug/_deps/eigen3-src/_build/CMakeFiles/CMakeTmp'


Source file was:
int main() { return 0; }
Performing C++ SOURCE FILE Test COMPILER_SUPPORT_Wunusedlocaltypedefs succeeded with the following output:
Change Dir: /home/geray/mindspore-master/cmake-build-debug/_deps/eigen3-src/_build/CMakeFiles/CMakeTmp

Run Build Command(s):/usr/bin/make cmTC_52e27/fast && /usr/bin/make  -f CMakeFiles/cmTC_52e27.dir/build.make CMakeFiles/cmTC_52e27.dir/build
make[1]: Entering directory '/home/geray/mindspore-master/cmake-build-debug/_deps/eigen3-src/_build/CMakeFiles/CMakeTmp'
Building CXX object CMakeFiles/cmTC_52e27.dir/src.cxx.o
/usr/bin/c++    -std=c++03 -pedantic -Wall -Wextra -Wundef -Wcast-align -Wchar-subscripts -Wnon-virtual-dtor -DCOMPILER_SUPPORT_Wunusedlocaltypedefs -Werror   -Wunused-local-typedefs -o CMakeFiles/cmTC_52e27.dir/src.cxx.o -c /home/geray/mindspore-master/cmake-build-debug/_deps/eigen3-src/_build/CMakeFiles/CMakeTmp/src.cxx
Linking CXX executable cmTC_52e27
/home/geray/.local/share/JetBrains/Toolbox/apps/CLion/ch-0/202.7319.72/bin/cmake/linux/bin/cmake -E cmake_link_script CMakeFiles/cmTC_52e27.dir/link.txt --verbose=1
/usr/bin/c++   -std=c++03 -pedantic -Wall -Wextra -Wundef -Wcast-align -Wchar-subscripts -Wnon-virtual-dtor -DCOMPILER_SUPPORT_Wunusedlocaltypedefs -Werror    -rdynamic CMakeFiles/cmTC_52e27.dir/src.cxx.o  -o cmTC_52e27 
make[1]: Leaving directory '/home/geray/mindspore-master/cmake-build-debug/_deps/eigen3-src/_build/CMakeFiles/CMakeTmp'


Source file was:
int main() { return 0; }
Performing C++ SOURCE FILE Test COMPILER_SUPPORT_Wpointerarith succeeded with the following output:
Change Dir: /home/geray/mindspore-master/cmake-build-debug/_deps/eigen3-src/_build/CMakeFiles/CMakeTmp

Run Build Command(s):/usr/bin/make cmTC_3d975/fast && /usr/bin/make  -f CMakeFiles/cmTC_3d975.dir/build.make CMakeFiles/cmTC_3d975.dir/build
make[1]: Entering directory '/home/geray/mindspore-master/cmake-build-debug/_deps/eigen3-src/_build/CMakeFiles/CMakeTmp'
Building CXX object CMakeFiles/cmTC_3d975.dir/src.cxx.o
/usr/bin/c++    -std=c++03 -pedantic -Wall -Wextra -Wundef -Wcast-align -Wchar-subscripts -Wnon-virtual-dtor -Wunused-local-typedefs -DCOMPILER_SUPPORT_Wpointerarith -Werror   -Wpointer-arith -o CMakeFiles/cmTC_3d975.dir/src.cxx.o -c /home/geray/mindspore-master/cmake-build-debug/_deps/eigen3-src/_build/CMakeFiles/CMakeTmp/src.cxx
Linking CXX executable cmTC_3d975
/home/geray/.local/share/JetBrains/Toolbox/apps/CLion/ch-0/202.7319.72/bin/cmake/linux/bin/cmake -E cmake_link_script CMakeFiles/cmTC_3d975.dir/link.txt --verbose=1
/usr/bin/c++   -std=c++03 -pedantic -Wall -Wextra -Wundef -Wcast-align -Wchar-subscripts -Wnon-virtual-dtor -Wunused-local-typedefs -DCOMPILER_SUPPORT_Wpointerarith -Werror    -rdynamic CMakeFiles/cmTC_3d975.dir/src.cxx.o  -o cmTC_3d975 
make[1]: Leaving directory '/home/geray/mindspore-master/cmake-build-debug/_deps/eigen3-src/_build/CMakeFiles/CMakeTmp'


Source file was:
int main() { return 0; }
Performing C++ SOURCE FILE Test COMPILER_SUPPORT_Wwritestrings succeeded with the following output:
Change Dir: /home/geray/mindspore-master/cmake-build-debug/_deps/eigen3-src/_build/CMakeFiles/CMakeTmp

Run Build Command(s):/usr/bin/make cmTC_8d551/fast && /usr/bin/make  -f CMakeFiles/cmTC_8d551.dir/build.make CMakeFiles/cmTC_8d551.dir/build
make[1]: Entering directory '/home/geray/mindspore-master/cmake-build-debug/_deps/eigen3-src/_build/CMakeFiles/CMakeTmp'
Building CXX object CMakeFiles/cmTC_8d551.dir/src.cxx.o
/usr/bin/c++    -std=c++03 -pedantic -Wall -Wextra -Wundef -Wcast-align -Wchar-subscripts -Wnon-virtual-dtor -Wunused-local-typedefs -Wpointer-arith -DCOMPILER_SUPPORT_Wwritestrings -Werror   -Wwrite-strings -o CMakeFiles/cmTC_8d551.dir/src.cxx.o -c /home/geray/mindspore-master/cmake-build-debug/_deps/eigen3-src/_build/CMakeFiles/CMakeTmp/src.cxx
Linking CXX executable cmTC_8d551
/home/geray/.local/share/JetBrains/Toolbox/apps/CLion/ch-0/202.7319.72/bin/cmake/linux/bin/cmake -E cmake_link_script CMakeFiles/cmTC_8d551.dir/link.txt --verbose=1
/usr/bin/c++   -std=c++03 -pedantic -Wall -Wextra -Wundef -Wcast-align -Wchar-subscripts -Wnon-virtual-dtor -Wunused-local-typedefs -Wpointer-arith -DCOMPILER_SUPPORT_Wwritestrings -Werror    -rdynamic CMakeFiles/cmTC_8d551.dir/src.cxx.o  -o cmTC_8d551 
make[1]: Leaving directory '/home/geray/mindspore-master/cmake-build-debug/_deps/eigen3-src/_build/CMakeFiles/CMakeTmp'


Source file was:
int main() { return 0; }
Performing C++ SOURCE FILE Test COMPILER_SUPPORT_Wformatsecurity succeeded with the following output:
Change Dir: /home/geray/mindspore-master/cmake-build-debug/_deps/eigen3-src/_build/CMakeFiles/CMakeTmp

Run Build Command(s):/usr/bin/make cmTC_7e13f/fast && /usr/bin/make  -f CMakeFiles/cmTC_7e13f.dir/build.make CMakeFiles/cmTC_7e13f.dir/build
make[1]: Entering directory '/home/geray/mindspore-master/cmake-build-debug/_deps/eigen3-src/_build/CMakeFiles/CMakeTmp'
Building CXX object CMakeFiles/cmTC_7e13f.dir/src.cxx.o
/usr/bin/c++    -std=c++03 -pedantic -Wall -Wextra -Wundef -Wcast-align -Wchar-subscripts -Wnon-virtual-dtor -Wunused-local-typedefs -Wpointer-arith -Wwrite-strings -DCOMPILER_SUPPORT_Wformatsecurity -Werror   -Wformat-security -o CMakeFiles/cmTC_7e13f.dir/src.cxx.o -c /home/geray/mindspore-master/cmake-build-debug/_deps/eigen3-src/_build/CMakeFiles/CMakeTmp/src.cxx
Linking CXX executable cmTC_7e13f
/home/geray/.local/share/JetBrains/Toolbox/apps/CLion/ch-0/202.7319.72/bin/cmake/linux/bin/cmake -E cmake_link_script CMakeFiles/cmTC_7e13f.dir/link.txt --verbose=1
/usr/bin/c++   -std=c++03 -pedantic -Wall -Wextra -Wundef -Wcast-align -Wchar-subscripts -Wnon-virtual-dtor -Wunused-local-typedefs -Wpointer-arith -Wwrite-strings -DCOMPILER_SUPPORT_Wformatsecurity -Werror    -rdynamic CMakeFiles/cmTC_7e13f.dir/src.cxx.o  -o cmTC_7e13f 
make[1]: Leaving directory '/home/geray/mindspore-master/cmake-build-debug/_deps/eigen3-src/_build/CMakeFiles/CMakeTmp'


Source file was:
int main() { return 0; }
Performing C++ SOURCE FILE Test COMPILER_SUPPORT_Wlogicalop succeeded with the following output:
Change Dir: /home/geray/mindspore-master/cmake-build-debug/_deps/eigen3-src/_build/CMakeFiles/CMakeTmp

Run Build Command(s):/usr/bin/make cmTC_ed864/fast && /usr/bin/make  -f CMakeFiles/cmTC_ed864.dir/build.make CMakeFiles/cmTC_ed864.dir/build
make[1]: Entering directory '/home/geray/mindspore-master/cmake-build-debug/_deps/eigen3-src/_build/CMakeFiles/CMakeTmp'
Building CXX object CMakeFiles/cmTC_ed864.dir/src.cxx.o
/usr/bin/c++    -std=c++03 -pedantic -Wall -Wextra -Wundef -Wcast-align -Wchar-subscripts -Wnon-virtual-dtor -Wunused-local-typedefs -Wpointer-arith -Wwrite-strings -Wformat-security -DCOMPILER_SUPPORT_Wlogicalop -Werror   -Wlogical-op -o CMakeFiles/cmTC_ed864.dir/src.cxx.o -c /home/geray/mindspore-master/cmake-build-debug/_deps/eigen3-src/_build/CMakeFiles/CMakeTmp/src.cxx
Linking CXX executable cmTC_ed864
/home/geray/.local/share/JetBrains/Toolbox/apps/CLion/ch-0/202.7319.72/bin/cmake/linux/bin/cmake -E cmake_link_script CMakeFiles/cmTC_ed864.dir/link.txt --verbose=1
/usr/bin/c++   -std=c++03 -pedantic -Wall -Wextra -Wundef -Wcast-align -Wchar-subscripts -Wnon-virtual-dtor -Wunused-local-typedefs -Wpointer-arith -Wwrite-strings -Wformat-security -DCOMPILER_SUPPORT_Wlogicalop -Werror    -rdynamic CMakeFiles/cmTC_ed864.dir/src.cxx.o  -o cmTC_ed864 
make[1]: Leaving directory '/home/geray/mindspore-master/cmake-build-debug/_deps/eigen3-src/_build/CMakeFiles/CMakeTmp'


Source file was:
int main() { return 0; }
Performing C++ SOURCE FILE Test COMPILER_SUPPORT_Wdoublepromotion succeeded with the following output:
Change Dir: /home/geray/mindspore-master/cmake-build-debug/_deps/eigen3-src/_build/CMakeFiles/CMakeTmp

Run Build Command(s):/usr/bin/make cmTC_1b6ec/fast && /usr/bin/make  -f CMakeFiles/cmTC_1b6ec.dir/build.make CMakeFiles/cmTC_1b6ec.dir/build
make[1]: Entering directory '/home/geray/mindspore-master/cmake-build-debug/_deps/eigen3-src/_build/CMakeFiles/CMakeTmp'
Building CXX object CMakeFiles/cmTC_1b6ec.dir/src.cxx.o
/usr/bin/c++    -std=c++03 -pedantic -Wall -Wextra -Wundef -Wcast-align -Wchar-subscripts -Wnon-virtual-dtor -Wunused-local-typedefs -Wpointer-arith -Wwrite-strings -Wformat-security -Wlogical-op -DCOMPILER_SUPPORT_Wdoublepromotion -Werror   -Wdouble-promotion -o CMakeFiles/cmTC_1b6ec.dir/src.cxx.o -c /home/geray/mindspore-master/cmake-build-debug/_deps/eigen3-src/_build/CMakeFiles/CMakeTmp/src.cxx
Linking CXX executable cmTC_1b6ec
/home/geray/.local/share/JetBrains/Toolbox/apps/CLion/ch-0/202.7319.72/bin/cmake/linux/bin/cmake -E cmake_link_script CMakeFiles/cmTC_1b6ec.dir/link.txt --verbose=1
/usr/bin/c++   -std=c++03 -pedantic -Wall -Wextra -Wundef -Wcast-align -Wchar-subscripts -Wnon-virtual-dtor -Wunused-local-typedefs -Wpointer-arith -Wwrite-strings -Wformat-security -Wlogical-op -DCOMPILER_SUPPORT_Wdoublepromotion -Werror    -rdynamic CMakeFiles/cmTC_1b6ec.dir/src.cxx.o  -o cmTC_1b6ec 
make[1]: Leaving directory '/home/geray/mindspore-master/cmake-build-debug/_deps/eigen3-src/_build/CMakeFiles/CMakeTmp'


Source file was:
int main() { return 0; }
Performing C++ SOURCE FILE Test COMPILER_SUPPORT_Wnopsabi succeeded with the following output:
Change Dir: /home/geray/mindspore-master/cmake-build-debug/_deps/eigen3-src/_build/CMakeFiles/CMakeTmp

Run Build Command(s):/usr/bin/make cmTC_2c34e/fast && /usr/bin/make  -f CMakeFiles/cmTC_2c34e.dir/build.make CMakeFiles/cmTC_2c34e.dir/build
make[1]: Entering directory '/home/geray/mindspore-master/cmake-build-debug/_deps/eigen3-src/_build/CMakeFiles/CMakeTmp'
Building CXX object CMakeFiles/cmTC_2c34e.dir/src.cxx.o
/usr/bin/c++    -std=c++03 -pedantic -Wall -Wextra -Wundef -Wcast-align -Wchar-subscripts -Wnon-virtual-dtor -Wunused-local-typedefs -Wpointer-arith -Wwrite-strings -Wformat-security -Wlogical-op -Wdouble-promotion -DCOMPILER_SUPPORT_Wnopsabi -Werror   -Wno-psabi -o CMakeFiles/cmTC_2c34e.dir/src.cxx.o -c /home/geray/mindspore-master/cmake-build-debug/_deps/eigen3-src/_build/CMakeFiles/CMakeTmp/src.cxx
Linking CXX executable cmTC_2c34e
/home/geray/.local/share/JetBrains/Toolbox/apps/CLion/ch-0/202.7319.72/bin/cmake/linux/bin/cmake -E cmake_link_script CMakeFiles/cmTC_2c34e.dir/link.txt --verbose=1
/usr/bin/c++   -std=c++03 -pedantic -Wall -Wextra -Wundef -Wcast-align -Wchar-subscripts -Wnon-virtual-dtor -Wunused-local-typedefs -Wpointer-arith -Wwrite-strings -Wformat-security -Wlogical-op -Wdouble-promotion -DCOMPILER_SUPPORT_Wnopsabi -Werror    -rdynamic CMakeFiles/cmTC_2c34e.dir/src.cxx.o  -o cmTC_2c34e 
make[1]: Leaving directory '/home/geray/mindspore-master/cmake-build-debug/_deps/eigen3-src/_build/CMakeFiles/CMakeTmp'


Source file was:
int main() { return 0; }
Performing C++ SOURCE FILE Test COMPILER_SUPPORT_Wnovariadicmacros succeeded with the following output:
Change Dir: /home/geray/mindspore-master/cmake-build-debug/_deps/eigen3-src/_build/CMakeFiles/CMakeTmp

Run Build Command(s):/usr/bin/make cmTC_ea05c/fast && /usr/bin/make  -f CMakeFiles/cmTC_ea05c.dir/build.make CMakeFiles/cmTC_ea05c.dir/build
make[1]: Entering directory '/home/geray/mindspore-master/cmake-build-debug/_deps/eigen3-src/_build/CMakeFiles/CMakeTmp'
Building CXX object CMakeFiles/cmTC_ea05c.dir/src.cxx.o
/usr/bin/c++    -std=c++03 -pedantic -Wall -Wextra -Wundef -Wcast-align -Wchar-subscripts -Wnon-virtual-dtor -Wunused-local-typedefs -Wpointer-arith -Wwrite-strings -Wformat-security -Wlogical-op -Wdouble-promotion -Wno-psabi -DCOMPILER_SUPPORT_Wnovariadicmacros -Werror   -Wno-variadic-macros -o CMakeFiles/cmTC_ea05c.dir/src.cxx.o -c /home/geray/mindspore-master/cmake-build-debug/_deps/eigen3-src/_build/CMakeFiles/CMakeTmp/src.cxx
Linking CXX executable cmTC_ea05c
/home/geray/.local/share/JetBrains/Toolbox/apps/CLion/ch-0/202.7319.72/bin/cmake/linux/bin/cmake -E cmake_link_script CMakeFiles/cmTC_ea05c.dir/link.txt --verbose=1
/usr/bin/c++   -std=c++03 -pedantic -Wall -Wextra -Wundef -Wcast-align -Wchar-subscripts -Wnon-virtual-dtor -Wunused-local-typedefs -Wpointer-arith -Wwrite-strings -Wformat-security -Wlogical-op -Wdouble-promotion -Wno-psabi -DCOMPILER_SUPPORT_Wnovariadicmacros -Werror    -rdynamic CMakeFiles/cmTC_ea05c.dir/src.cxx.o  -o cmTC_ea05c 
make[1]: Leaving directory '/home/geray/mindspore-master/cmake-build-debug/_deps/eigen3-src/_build/CMakeFiles/CMakeTmp'


Source file was:
int main() { return 0; }
Performing C++ SOURCE FILE Test COMPILER_SUPPORT_Wnolonglong succeeded with the following output:
Change Dir: /home/geray/mindspore-master/cmake-build-debug/_deps/eigen3-src/_build/CMakeFiles/CMakeTmp

Run Build Command(s):/usr/bin/make cmTC_d62f1/fast && /usr/bin/make  -f CMakeFiles/cmTC_d62f1.dir/build.make CMakeFiles/cmTC_d62f1.dir/build
make[1]: Entering directory '/home/geray/mindspore-master/cmake-build-debug/_deps/eigen3-src/_build/CMakeFiles/CMakeTmp'
Building CXX object CMakeFiles/cmTC_d62f1.dir/src.cxx.o
/usr/bin/c++    -std=c++03 -pedantic -Wall -Wextra -Wundef -Wcast-align -Wchar-subscripts -Wnon-virtual-dtor -Wunused-local-typedefs -Wpointer-arith -Wwrite-strings -Wformat-security -Wlogical-op -Wdouble-promotion -Wno-psabi -Wno-variadic-macros -DCOMPILER_SUPPORT_Wnolonglong -Werror   -Wno-long-long -o CMakeFiles/cmTC_d62f1.dir/src.cxx.o -c /home/geray/mindspore-master/cmake-build-debug/_deps/eigen3-src/_build/CMakeFiles/CMakeTmp/src.cxx
Linking CXX executable cmTC_d62f1
/home/geray/.local/share/JetBrains/Toolbox/apps/CLion/ch-0/202.7319.72/bin/cmake/linux/bin/cmake -E cmake_link_script CMakeFiles/cmTC_d62f1.dir/link.txt --verbose=1
/usr/bin/c++   -std=c++03 -pedantic -Wall -Wextra -Wundef -Wcast-align -Wchar-subscripts -Wnon-virtual-dtor -Wunused-local-typedefs -Wpointer-arith -Wwrite-strings -Wformat-security -Wlogical-op -Wdouble-promotion -Wno-psabi -Wno-variadic-macros -DCOMPILER_SUPPORT_Wnolonglong -Werror    -rdynamic CMakeFiles/cmTC_d62f1.dir/src.cxx.o  -o cmTC_d62f1 
make[1]: Leaving directory '/home/geray/mindspore-master/cmake-build-debug/_deps/eigen3-src/_build/CMakeFiles/CMakeTmp'


Source file was:
int main() { return 0; }
Performing C++ SOURCE FILE Test COMPILER_SUPPORT_fnochecknew succeeded with the following output:
Change Dir: /home/geray/mindspore-master/cmake-build-debug/_deps/eigen3-src/_build/CMakeFiles/CMakeTmp

Run Build Command(s):/usr/bin/make cmTC_d355c/fast && /usr/bin/make  -f CMakeFiles/cmTC_d355c.dir/build.make CMakeFiles/cmTC_d355c.dir/build
make[1]: Entering directory '/home/geray/mindspore-master/cmake-build-debug/_deps/eigen3-src/_build/CMakeFiles/CMakeTmp'
Building CXX object CMakeFiles/cmTC_d355c.dir/src.cxx.o
/usr/bin/c++    -std=c++03 -pedantic -Wall -Wextra -Wundef -Wcast-align -Wchar-subscripts -Wnon-virtual-dtor -Wunused-local-typedefs -Wpointer-arith -Wwrite-strings -Wformat-security -Wlogical-op -Wdouble-promotion -Wno-psabi -Wno-variadic-macros -Wno-long-long -DCOMPILER_SUPPORT_fnochecknew -Werror   -fno-check-new -o CMakeFiles/cmTC_d355c.dir/src.cxx.o -c /home/geray/mindspore-master/cmake-build-debug/_deps/eigen3-src/_build/CMakeFiles/CMakeTmp/src.cxx
Linking CXX executable cmTC_d355c
/home/geray/.local/share/JetBrains/Toolbox/apps/CLion/ch-0/202.7319.72/bin/cmake/linux/bin/cmake -E cmake_link_script CMakeFiles/cmTC_d355c.dir/link.txt --verbose=1
/usr/bin/c++   -std=c++03 -pedantic -Wall -Wextra -Wundef -Wcast-align -Wchar-subscripts -Wnon-virtual-dtor -Wunused-local-typedefs -Wpointer-arith -Wwrite-strings -Wformat-security -Wlogical-op -Wdouble-promotion -Wno-psabi -Wno-variadic-macros -Wno-long-long -DCOMPILER_SUPPORT_fnochecknew -Werror    -rdynamic CMakeFiles/cmTC_d355c.dir/src.cxx.o  -o cmTC_d355c 
make[1]: Leaving directory '/home/geray/mindspore-master/cmake-build-debug/_deps/eigen3-src/_build/CMakeFiles/CMakeTmp'


Source file was:
int main() { return 0; }
Performing C++ SOURCE FILE Test COMPILER_SUPPORT_fnocommon succeeded with the following output:
Change Dir: /home/geray/mindspore-master/cmake-build-debug/_deps/eigen3-src/_build/CMakeFiles/CMakeTmp

Run Build Command(s):/usr/bin/make cmTC_a7366/fast && /usr/bin/make  -f CMakeFiles/cmTC_a7366.dir/build.make CMakeFiles/cmTC_a7366.dir/build
make[1]: Entering directory '/home/geray/mindspore-master/cmake-build-debug/_deps/eigen3-src/_build/CMakeFiles/CMakeTmp'
Building CXX object CMakeFiles/cmTC_a7366.dir/src.cxx.o
/usr/bin/c++    -std=c++03 -pedantic -Wall -Wextra -Wundef -Wcast-align -Wchar-subscripts -Wnon-virtual-dtor -Wunused-local-typedefs -Wpointer-arith -Wwrite-strings -Wformat-security -Wlogical-op -Wdouble-promotion -Wno-psabi -Wno-variadic-macros -Wno-long-long -fno-check-new -DCOMPILER_SUPPORT_fnocommon -Werror   -fno-common -o CMakeFiles/cmTC_a7366.dir/src.cxx.o -c /home/geray/mindspore-master/cmake-build-debug/_deps/eigen3-src/_build/CMakeFiles/CMakeTmp/src.cxx
Linking CXX executable cmTC_a7366
/home/geray/.local/share/JetBrains/Toolbox/apps/CLion/ch-0/202.7319.72/bin/cmake/linux/bin/cmake -E cmake_link_script CMakeFiles/cmTC_a7366.dir/link.txt --verbose=1
/usr/bin/c++   -std=c++03 -pedantic -Wall -Wextra -Wundef -Wcast-align -Wchar-subscripts -Wnon-virtual-dtor -Wunused-local-typedefs -Wpointer-arith -Wwrite-strings -Wformat-security -Wlogical-op -Wdouble-promotion -Wno-psabi -Wno-variadic-macros -Wno-long-long -fno-check-new -DCOMPILER_SUPPORT_fnocommon -Werror    -rdynamic CMakeFiles/cmTC_a7366.dir/src.cxx.o  -o cmTC_a7366 
make[1]: Leaving directory '/home/geray/mindspore-master/cmake-build-debug/_deps/eigen3-src/_build/CMakeFiles/CMakeTmp'


Source file was:
int main() { return 0; }
Performing C++ SOURCE FILE Test COMPILER_SUPPORT_fstrictaliasing succeeded with the following output:
Change Dir: /home/geray/mindspore-master/cmake-build-debug/_deps/eigen3-src/_build/CMakeFiles/CMakeTmp

Run Build Command(s):/usr/bin/make cmTC_642c9/fast && /usr/bin/make  -f CMakeFiles/cmTC_642c9.dir/build.make CMakeFiles/cmTC_642c9.dir/build
make[1]: Entering directory '/home/geray/mindspore-master/cmake-build-debug/_deps/eigen3-src/_build/CMakeFiles/CMakeTmp'
Building CXX object CMakeFiles/cmTC_642c9.dir/src.cxx.o
/usr/bin/c++    -std=c++03 -pedantic -Wall -Wextra -Wundef -Wcast-align -Wchar-subscripts -Wnon-virtual-dtor -Wunused-local-typedefs -Wpointer-arith -Wwrite-strings -Wformat-security -Wlogical-op -Wdouble-promotion -Wno-psabi -Wno-variadic-macros -Wno-long-long -fno-check-new -fno-common -DCOMPILER_SUPPORT_fstrictaliasing -Werror   -fstrict-aliasing -o CMakeFiles/cmTC_642c9.dir/src.cxx.o -c /home/geray/mindspore-master/cmake-build-debug/_deps/eigen3-src/_build/CMakeFiles/CMakeTmp/src.cxx
Linking CXX executable cmTC_642c9
/home/geray/.local/share/JetBrains/Toolbox/apps/CLion/ch-0/202.7319.72/bin/cmake/linux/bin/cmake -E cmake_link_script CMakeFiles/cmTC_642c9.dir/link.txt --verbose=1
/usr/bin/c++   -std=c++03 -pedantic -Wall -Wextra -Wundef -Wcast-align -Wchar-subscripts -Wnon-virtual-dtor -Wunused-local-typedefs -Wpointer-arith -Wwrite-strings -Wformat-security -Wlogical-op -Wdouble-promotion -Wno-psabi -Wno-variadic-macros -Wno-long-long -fno-check-new -fno-common -DCOMPILER_SUPPORT_fstrictaliasing -Werror    -rdynamic CMakeFiles/cmTC_642c9.dir/src.cxx.o  -o cmTC_642c9 
make[1]: Leaving directory '/home/geray/mindspore-master/cmake-build-debug/_deps/eigen3-src/_build/CMakeFiles/CMakeTmp'


Source file was:
int main() { return 0; }
Performing C++ SOURCE FILE Test COMPILER_SUPPORT_ansi succeeded with the following output:
Change Dir: /home/geray/mindspore-master/cmake-build-debug/_deps/eigen3-src/_build/CMakeFiles/CMakeTmp

Run Build Command(s):/usr/bin/make cmTC_16c54/fast && /usr/bin/make  -f CMakeFiles/cmTC_16c54.dir/build.make CMakeFiles/cmTC_16c54.dir/build
make[1]: Entering directory '/home/geray/mindspore-master/cmake-build-debug/_deps/eigen3-src/_build/CMakeFiles/CMakeTmp'
Building CXX object CMakeFiles/cmTC_16c54.dir/src.cxx.o
/usr/bin/c++    -std=c++03 -pedantic -Wall -Wextra -Wundef -Wcast-align -Wchar-subscripts -Wnon-virtual-dtor -Wunused-local-typedefs -Wpointer-arith -Wwrite-strings -Wformat-security -Wlogical-op -Wdouble-promotion -Wno-psabi -Wno-variadic-macros -Wno-long-long -fno-check-new -fno-common -fstrict-aliasing -DCOMPILER_SUPPORT_ansi -Werror   -ansi -o CMakeFiles/cmTC_16c54.dir/src.cxx.o -c /home/geray/mindspore-master/cmake-build-debug/_deps/eigen3-src/_build/CMakeFiles/CMakeTmp/src.cxx
Linking CXX executable cmTC_16c54
/home/geray/.local/share/JetBrains/Toolbox/apps/CLion/ch-0/202.7319.72/bin/cmake/linux/bin/cmake -E cmake_link_script CMakeFiles/cmTC_16c54.dir/link.txt --verbose=1
/usr/bin/c++   -std=c++03 -pedantic -Wall -Wextra -Wundef -Wcast-align -Wchar-subscripts -Wnon-virtual-dtor -Wunused-local-typedefs -Wpointer-arith -Wwrite-strings -Wformat-security -Wlogical-op -Wdouble-promotion -Wno-psabi -Wno-variadic-macros -Wno-long-long -fno-check-new -fno-common -fstrict-aliasing -DCOMPILER_SUPPORT_ansi -Werror    -rdynamic CMakeFiles/cmTC_16c54.dir/src.cxx.o  -o cmTC_16c54 
make[1]: Leaving directory '/home/geray/mindspore-master/cmake-build-debug/_deps/eigen3-src/_build/CMakeFiles/CMakeTmp'


Source file was:
int main() { return 0; }
Performing C++ SOURCE FILE Test COMPILER_SUPPORT_OPENMP succeeded with the following output:
Change Dir: /home/geray/mindspore-master/cmake-build-debug/_deps/eigen3-src/_build/CMakeFiles/CMakeTmp

Run Build Command(s):/usr/bin/make cmTC_f6f2a/fast && /usr/bin/make  -f CMakeFiles/cmTC_f6f2a.dir/build.make CMakeFiles/cmTC_f6f2a.dir/build
make[1]: Entering directory '/home/geray/mindspore-master/cmake-build-debug/_deps/eigen3-src/_build/CMakeFiles/CMakeTmp'
Building CXX object CMakeFiles/cmTC_f6f2a.dir/src.cxx.o
/usr/bin/c++    -std=c++03 -pedantic -Wall -Wextra -Wundef -Wcast-align -Wchar-subscripts -Wnon-virtual-dtor -Wunused-local-typedefs -Wpointer-arith -Wwrite-strings -Wformat-security -Wlogical-op -Wdouble-promotion -Wno-psabi -Wno-variadic-macros -Wno-long-long -fno-check-new -fno-common -fstrict-aliasing -ansi -DCOMPILER_SUPPORT_OPENMP   -fopenmp -o CMakeFiles/cmTC_f6f2a.dir/src.cxx.o -c /home/geray/mindspore-master/cmake-build-debug/_deps/eigen3-src/_build/CMakeFiles/CMakeTmp/src.cxx
Linking CXX executable cmTC_f6f2a
/home/geray/.local/share/JetBrains/Toolbox/apps/CLion/ch-0/202.7319.72/bin/cmake/linux/bin/cmake -E cmake_link_script CMakeFiles/cmTC_f6f2a.dir/link.txt --verbose=1
/usr/bin/c++   -std=c++03 -pedantic -Wall -Wextra -Wundef -Wcast-align -Wchar-subscripts -Wnon-virtual-dtor -Wunused-local-typedefs -Wpointer-arith -Wwrite-strings -Wformat-security -Wlogical-op -Wdouble-promotion -Wno-psabi -Wno-variadic-macros -Wno-long-long -fno-check-new -fno-common -fstrict-aliasing -ansi -DCOMPILER_SUPPORT_OPENMP    -rdynamic CMakeFiles/cmTC_f6f2a.dir/src.cxx.o  -o cmTC_f6f2a 
make[1]: Leaving directory '/home/geray/mindspore-master/cmake-build-debug/_deps/eigen3-src/_build/CMakeFiles/CMakeTmp'


Source file was:
int main() { return 0; }
